[48.953s] DEBUG:colcon:Command line arguments: ['/usr/local/bin/colcon', 'build', '--packages-select', 'imu_complementary_filter']
[48.954s] DEBUG:colcon:Parsed command line arguments: Namespace(allow_overriding=[], ament_cmake_args=None, base_paths=['.'], build_base='build', catkin_cmake_args=None, catkin_skip_building_tests=False, cmake_args=None, cmake_clean_cache=False, cmake_clean_first=False, cmake_force_configure=False, cmake_target=None, cmake_target_skip_unavailable=False, continue_on_error=False, event_handlers=None, executor='parallel', ignore_user_meta=False, install_base='install', log_base=None, log_level=None, main=<bound method BuildVerb.main of <colcon_core.verb.build.BuildVerb object at 0x7fa2aa1970>>, merge_install=False, metas=['./colcon.meta'], packages_above=None, packages_above_and_dependencies=None, packages_above_depth=None, packages_end=None, packages_ignore=None, packages_ignore_regex=None, packages_select=['imu_complementary_filter'], packages_select_build_failed=False, packages_select_by_dep=None, packages_select_regex=None, packages_select_test_failures=False, packages_skip=None, packages_skip_build_finished=False, packages_skip_by_dep=None, packages_skip_regex=None, packages_skip_test_passed=False, packages_skip_up_to=None, packages_start=None, packages_up_to=None, packages_up_to_regex=None, parallel_workers=4, paths=None, symlink_install=False, test_result_base=None, verb_extension=<colcon_core.verb.build.BuildVerb object at 0x7fa2aa1970>, verb_name='build', verb_parser=<colcon_defaults.argument_parser.defaults.DefaultArgumentsDecorator object at 0x7fa286c550>)
[52.040s] Level 1:colcon.colcon_core.package_discovery:discover_packages(colcon_meta) check parameters
[52.041s] Level 1:colcon.colcon_core.package_discovery:discover_packages(recursive) check parameters
[52.041s] Level 1:colcon.colcon_core.package_discovery:discover_packages(ignore) check parameters
[52.041s] Level 1:colcon.colcon_core.package_discovery:discover_packages(path) check parameters
[52.042s] Level 1:colcon.colcon_core.package_discovery:discover_packages(colcon_meta) discover
[52.042s] Level 1:colcon.colcon_core.package_discovery:discover_packages(recursive) discover
[52.042s] INFO:colcon.colcon_core.package_discovery:Crawling recursively for packages in '/root/farming_ws/src'
[52.043s] Level 1:colcon.colcon_core.package_identification:_identify(.) by extensions ['ignore', 'ignore_ament_install']
[52.044s] Level 1:colcon.colcon_core.package_identification:_identify(.) by extension 'ignore'
[52.044s] Level 1:colcon.colcon_core.package_identification:_identify(.) by extension 'ignore_ament_install'
[52.044s] Level 1:colcon.colcon_core.package_identification:_identify(.) by extensions ['colcon_pkg']
[52.045s] Level 1:colcon.colcon_core.package_identification:_identify(.) by extension 'colcon_pkg'
[52.045s] Level 1:colcon.colcon_core.package_identification:_identify(.) by extensions ['colcon_meta']
[52.045s] Level 1:colcon.colcon_core.package_identification:_identify(.) by extension 'colcon_meta'
[52.045s] Level 1:colcon.colcon_core.package_identification:_identify(.) by extensions ['ros']
[52.046s] Level 1:colcon.colcon_core.package_identification:_identify(.) by extension 'ros'
[52.213s] Level 1:colcon.colcon_core.package_identification:_identify(.) by extensions ['cmake', 'python']
[52.214s] Level 1:colcon.colcon_core.package_identification:_identify(.) by extension 'cmake'
[52.214s] Level 1:colcon.colcon_core.package_identification:_identify(.) by extension 'python'
[52.214s] Level 1:colcon.colcon_core.package_identification:_identify(.) by extensions ['python_setup_py']
[52.215s] Level 1:colcon.colcon_core.package_identification:_identify(.) by extension 'python_setup_py'
[52.215s] Level 1:colcon.colcon_core.package_identification:_identify(build) by extensions ['ignore', 'ignore_ament_install']
[52.216s] Level 1:colcon.colcon_core.package_identification:_identify(build) by extension 'ignore'
[52.216s] Level 1:colcon.colcon_core.package_identification:_identify(build) ignored
[52.217s] Level 1:colcon.colcon_core.package_identification:_identify(farming_navigation2) by extensions ['ignore', 'ignore_ament_install']
[52.218s] Level 1:colcon.colcon_core.package_identification:_identify(farming_navigation2) by extension 'ignore'
[52.218s] Level 1:colcon.colcon_core.package_identification:_identify(farming_navigation2) by extension 'ignore_ament_install'
[52.219s] Level 1:colcon.colcon_core.package_identification:_identify(farming_navigation2) by extensions ['colcon_pkg']
[52.219s] Level 1:colcon.colcon_core.package_identification:_identify(farming_navigation2) by extension 'colcon_pkg'
[52.219s] Level 1:colcon.colcon_core.package_identification:_identify(farming_navigation2) by extensions ['colcon_meta']
[52.220s] Level 1:colcon.colcon_core.package_identification:_identify(farming_navigation2) by extension 'colcon_meta'
[52.220s] Level 1:colcon.colcon_core.package_identification:_identify(farming_navigation2) by extensions ['ros']
[52.220s] Level 1:colcon.colcon_core.package_identification:_identify(farming_navigation2) by extension 'ros'
[52.238s] DEBUG:colcon.colcon_core.package_identification:Package 'farming_navigation2' with type 'ros.ament_python' and name 'farming_navigation2'
[52.239s] Level 1:colcon.colcon_core.package_identification:_identify(farming_vision) by extensions ['ignore', 'ignore_ament_install']
[52.240s] Level 1:colcon.colcon_core.package_identification:_identify(farming_vision) by extension 'ignore'
[52.240s] Level 1:colcon.colcon_core.package_identification:_identify(farming_vision) by extension 'ignore_ament_install'
[52.240s] Level 1:colcon.colcon_core.package_identification:_identify(farming_vision) by extensions ['colcon_pkg']
[52.241s] Level 1:colcon.colcon_core.package_identification:_identify(farming_vision) by extension 'colcon_pkg'
[52.241s] Level 1:colcon.colcon_core.package_identification:_identify(farming_vision) by extensions ['colcon_meta']
[52.241s] Level 1:colcon.colcon_core.package_identification:_identify(farming_vision) by extension 'colcon_meta'
[52.242s] Level 1:colcon.colcon_core.package_identification:_identify(farming_vision) by extensions ['ros']
[52.242s] Level 1:colcon.colcon_core.package_identification:_identify(farming_vision) by extension 'ros'
[52.246s] DEBUG:colcon.colcon_core.package_identification:Package 'farming_vision' with type 'ros.ament_python' and name 'farming_vision'
[52.247s] Level 1:colcon.colcon_core.package_identification:_identify(imu_tools) by extensions ['ignore', 'ignore_ament_install']
[52.248s] Level 1:colcon.colcon_core.package_identification:_identify(imu_tools) by extension 'ignore'
[52.248s] Level 1:colcon.colcon_core.package_identification:_identify(imu_tools) by extension 'ignore_ament_install'
[52.249s] Level 1:colcon.colcon_core.package_identification:_identify(imu_tools) by extensions ['colcon_pkg']
[52.249s] Level 1:colcon.colcon_core.package_identification:_identify(imu_tools) by extension 'colcon_pkg'
[52.249s] Level 1:colcon.colcon_core.package_identification:_identify(imu_tools) by extensions ['colcon_meta']
[52.250s] Level 1:colcon.colcon_core.package_identification:_identify(imu_tools) by extension 'colcon_meta'
[52.250s] Level 1:colcon.colcon_core.package_identification:_identify(imu_tools) by extensions ['ros']
[52.250s] Level 1:colcon.colcon_core.package_identification:_identify(imu_tools) by extension 'ros'
[52.251s] Level 1:colcon.colcon_core.package_identification:_identify(imu_tools) by extensions ['cmake', 'python']
[52.251s] Level 1:colcon.colcon_core.package_identification:_identify(imu_tools) by extension 'cmake'
[52.251s] Level 1:colcon.colcon_core.package_identification:_identify(imu_tools) by extension 'python'
[52.252s] Level 1:colcon.colcon_core.package_identification:_identify(imu_tools) by extensions ['python_setup_py']
[52.252s] Level 1:colcon.colcon_core.package_identification:_identify(imu_tools) by extension 'python_setup_py'
[52.253s] Level 1:colcon.colcon_core.package_identification:_identify(imu_tools/imu_complementary_filter) by extensions ['ignore', 'ignore_ament_install']
[52.253s] Level 1:colcon.colcon_core.package_identification:_identify(imu_tools/imu_complementary_filter) by extension 'ignore'
[52.254s] Level 1:colcon.colcon_core.package_identification:_identify(imu_tools/imu_complementary_filter) by extension 'ignore_ament_install'
[52.254s] Level 1:colcon.colcon_core.package_identification:_identify(imu_tools/imu_complementary_filter) by extensions ['colcon_pkg']
[52.254s] Level 1:colcon.colcon_core.package_identification:_identify(imu_tools/imu_complementary_filter) by extension 'colcon_pkg'
[52.255s] Level 1:colcon.colcon_core.package_identification:_identify(imu_tools/imu_complementary_filter) by extensions ['colcon_meta']
[52.255s] Level 1:colcon.colcon_core.package_identification:_identify(imu_tools/imu_complementary_filter) by extension 'colcon_meta'
[52.255s] Level 1:colcon.colcon_core.package_identification:_identify(imu_tools/imu_complementary_filter) by extensions ['ros']
[52.256s] Level 1:colcon.colcon_core.package_identification:_identify(imu_tools/imu_complementary_filter) by extension 'ros'
[52.260s] DEBUG:colcon.colcon_core.package_identification:Package 'imu_tools/imu_complementary_filter' with type 'ros.ament_cmake' and name 'imu_complementary_filter'
[52.261s] Level 1:colcon.colcon_core.package_identification:_identify(imu_tools/imu_filter_madgwick) by extensions ['ignore', 'ignore_ament_install']
[52.261s] Level 1:colcon.colcon_core.package_identification:_identify(imu_tools/imu_filter_madgwick) by extension 'ignore'
[52.262s] Level 1:colcon.colcon_core.package_identification:_identify(imu_tools/imu_filter_madgwick) by extension 'ignore_ament_install'
[52.262s] Level 1:colcon.colcon_core.package_identification:_identify(imu_tools/imu_filter_madgwick) by extensions ['colcon_pkg']
[52.263s] Level 1:colcon.colcon_core.package_identification:_identify(imu_tools/imu_filter_madgwick) by extension 'colcon_pkg'
[52.263s] Level 1:colcon.colcon_core.package_identification:_identify(imu_tools/imu_filter_madgwick) by extensions ['colcon_meta']
[52.263s] Level 1:colcon.colcon_core.package_identification:_identify(imu_tools/imu_filter_madgwick) by extension 'colcon_meta'
[52.263s] Level 1:colcon.colcon_core.package_identification:_identify(imu_tools/imu_filter_madgwick) by extensions ['ros']
[52.264s] Level 1:colcon.colcon_core.package_identification:_identify(imu_tools/imu_filter_madgwick) by extension 'ros'
[52.275s] DEBUG:colcon.colcon_core.package_identification:Package 'imu_tools/imu_filter_madgwick' with type 'ros.ament_cmake' and name 'imu_filter_madgwick'
[52.276s] Level 1:colcon.colcon_core.package_identification:_identify(imu_tools/imu_tools) by extensions ['ignore', 'ignore_ament_install']
[52.277s] Level 1:colcon.colcon_core.package_identification:_identify(imu_tools/imu_tools) by extension 'ignore'
[52.277s] Level 1:colcon.colcon_core.package_identification:_identify(imu_tools/imu_tools) by extension 'ignore_ament_install'
[52.277s] Level 1:colcon.colcon_core.package_identification:_identify(imu_tools/imu_tools) by extensions ['colcon_pkg']
[52.278s] Level 1:colcon.colcon_core.package_identification:_identify(imu_tools/imu_tools) by extension 'colcon_pkg'
[52.278s] Level 1:colcon.colcon_core.package_identification:_identify(imu_tools/imu_tools) by extensions ['colcon_meta']
[52.278s] Level 1:colcon.colcon_core.package_identification:_identify(imu_tools/imu_tools) by extension 'colcon_meta'
[52.279s] Level 1:colcon.colcon_core.package_identification:_identify(imu_tools/imu_tools) by extensions ['ros']
[52.279s] Level 1:colcon.colcon_core.package_identification:_identify(imu_tools/imu_tools) by extension 'ros'
[52.282s] DEBUG:colcon.colcon_core.package_identification:Package 'imu_tools/imu_tools' with type 'ros.ament_cmake' and name 'imu_tools'
[52.283s] Level 1:colcon.colcon_core.package_identification:_identify(install) by extensions ['ignore', 'ignore_ament_install']
[52.284s] Level 1:colcon.colcon_core.package_identification:_identify(install) by extension 'ignore'
[52.284s] Level 1:colcon.colcon_core.package_identification:_identify(install) ignored
[52.285s] Level 1:colcon.colcon_core.package_identification:_identify(log) by extensions ['ignore', 'ignore_ament_install']
[52.286s] Level 1:colcon.colcon_core.package_identification:_identify(log) by extension 'ignore'
[52.286s] Level 1:colcon.colcon_core.package_identification:_identify(log) ignored
[52.287s] Level 1:colcon.colcon_core.package_identification:_identify(motion_controller) by extensions ['ignore', 'ignore_ament_install']
[52.287s] Level 1:colcon.colcon_core.package_identification:_identify(motion_controller) by extension 'ignore'
[52.288s] Level 1:colcon.colcon_core.package_identification:_identify(motion_controller) by extension 'ignore_ament_install'
[52.288s] Level 1:colcon.colcon_core.package_identification:_identify(motion_controller) by extensions ['colcon_pkg']
[52.288s] Level 1:colcon.colcon_core.package_identification:_identify(motion_controller) by extension 'colcon_pkg'
[52.289s] Level 1:colcon.colcon_core.package_identification:_identify(motion_controller) by extensions ['colcon_meta']
[52.289s] Level 1:colcon.colcon_core.package_identification:_identify(motion_controller) by extension 'colcon_meta'
[52.289s] Level 1:colcon.colcon_core.package_identification:_identify(motion_controller) by extensions ['ros']
[52.289s] Level 1:colcon.colcon_core.package_identification:_identify(motion_controller) by extension 'ros'
[52.293s] DEBUG:colcon.colcon_core.package_identification:Package 'motion_controller' with type 'ros.ament_python' and name 'motion_controller'
[52.294s] Level 1:colcon.colcon_core.package_identification:_identify(robot_localization) by extensions ['ignore', 'ignore_ament_install']
[52.295s] Level 1:colcon.colcon_core.package_identification:_identify(robot_localization) by extension 'ignore'
[52.295s] Level 1:colcon.colcon_core.package_identification:_identify(robot_localization) by extension 'ignore_ament_install'
[52.296s] Level 1:colcon.colcon_core.package_identification:_identify(robot_localization) by extensions ['colcon_pkg']
[52.296s] Level 1:colcon.colcon_core.package_identification:_identify(robot_localization) by extension 'colcon_pkg'
[52.296s] Level 1:colcon.colcon_core.package_identification:_identify(robot_localization) by extensions ['colcon_meta']
[52.296s] Level 1:colcon.colcon_core.package_identification:_identify(robot_localization) by extension 'colcon_meta'
[52.297s] Level 1:colcon.colcon_core.package_identification:_identify(robot_localization) by extensions ['ros']
[52.297s] Level 1:colcon.colcon_core.package_identification:_identify(robot_localization) by extension 'ros'
[52.315s] DEBUG:colcon.colcon_core.package_identification:Package 'robot_localization' with type 'ros.ament_cmake' and name 'robot_localization'
[52.315s] Level 1:colcon.colcon_core.package_identification:_identify(yahboomcar_base_node) by extensions ['ignore', 'ignore_ament_install']
[52.316s] Level 1:colcon.colcon_core.package_identification:_identify(yahboomcar_base_node) by extension 'ignore'
[52.316s] Level 1:colcon.colcon_core.package_identification:_identify(yahboomcar_base_node) by extension 'ignore_ament_install'
[52.317s] Level 1:colcon.colcon_core.package_identification:_identify(yahboomcar_base_node) by extensions ['colcon_pkg']
[52.317s] Level 1:colcon.colcon_core.package_identification:_identify(yahboomcar_base_node) by extension 'colcon_pkg'
[52.317s] Level 1:colcon.colcon_core.package_identification:_identify(yahboomcar_base_node) by extensions ['colcon_meta']
[52.318s] Level 1:colcon.colcon_core.package_identification:_identify(yahboomcar_base_node) by extension 'colcon_meta'
[52.318s] Level 1:colcon.colcon_core.package_identification:_identify(yahboomcar_base_node) by extensions ['ros']
[52.318s] Level 1:colcon.colcon_core.package_identification:_identify(yahboomcar_base_node) by extension 'ros'
[52.326s] DEBUG:colcon.colcon_core.package_identification:Package 'yahboomcar_base_node' with type 'ros.ament_cmake' and name 'yahboomcar_base_node'
[52.327s] Level 1:colcon.colcon_core.package_identification:_identify(yahboomcar_bringup) by extensions ['ignore', 'ignore_ament_install']
[52.328s] Level 1:colcon.colcon_core.package_identification:_identify(yahboomcar_bringup) by extension 'ignore'
[52.328s] Level 1:colcon.colcon_core.package_identification:_identify(yahboomcar_bringup) by extension 'ignore_ament_install'
[52.328s] Level 1:colcon.colcon_core.package_identification:_identify(yahboomcar_bringup) by extensions ['colcon_pkg']
[52.329s] Level 1:colcon.colcon_core.package_identification:_identify(yahboomcar_bringup) by extension 'colcon_pkg'
[52.329s] Level 1:colcon.colcon_core.package_identification:_identify(yahboomcar_bringup) by extensions ['colcon_meta']
[52.329s] Level 1:colcon.colcon_core.package_identification:_identify(yahboomcar_bringup) by extension 'colcon_meta'
[52.330s] Level 1:colcon.colcon_core.package_identification:_identify(yahboomcar_bringup) by extensions ['ros']
[52.330s] Level 1:colcon.colcon_core.package_identification:_identify(yahboomcar_bringup) by extension 'ros'
[52.334s] DEBUG:colcon.colcon_core.package_identification:Package 'yahboomcar_bringup' with type 'ros.ament_python' and name 'yahboomcar_bringup'
[52.335s] Level 1:colcon.colcon_core.package_identification:_identify(yahboomcar_ctrl) by extensions ['ignore', 'ignore_ament_install']
[52.336s] Level 1:colcon.colcon_core.package_identification:_identify(yahboomcar_ctrl) by extension 'ignore'
[52.336s] Level 1:colcon.colcon_core.package_identification:_identify(yahboomcar_ctrl) by extension 'ignore_ament_install'
[52.337s] Level 1:colcon.colcon_core.package_identification:_identify(yahboomcar_ctrl) by extensions ['colcon_pkg']
[52.337s] Level 1:colcon.colcon_core.package_identification:_identify(yahboomcar_ctrl) by extension 'colcon_pkg'
[52.337s] Level 1:colcon.colcon_core.package_identification:_identify(yahboomcar_ctrl) by extensions ['colcon_meta']
[52.338s] Level 1:colcon.colcon_core.package_identification:_identify(yahboomcar_ctrl) by extension 'colcon_meta'
[52.338s] Level 1:colcon.colcon_core.package_identification:_identify(yahboomcar_ctrl) by extensions ['ros']
[52.338s] Level 1:colcon.colcon_core.package_identification:_identify(yahboomcar_ctrl) by extension 'ros'
[52.341s] DEBUG:colcon.colcon_core.package_identification:Package 'yahboomcar_ctrl' with type 'ros.ament_python' and name 'yahboomcar_ctrl'
[52.342s] Level 1:colcon.colcon_core.package_identification:_identify(yahboomcar_description) by extensions ['ignore', 'ignore_ament_install']
[52.343s] Level 1:colcon.colcon_core.package_identification:_identify(yahboomcar_description) by extension 'ignore'
[52.343s] Level 1:colcon.colcon_core.package_identification:_identify(yahboomcar_description) by extension 'ignore_ament_install'
[52.344s] Level 1:colcon.colcon_core.package_identification:_identify(yahboomcar_description) by extensions ['colcon_pkg']
[52.344s] Level 1:colcon.colcon_core.package_identification:_identify(yahboomcar_description) by extension 'colcon_pkg'
[52.344s] Level 1:colcon.colcon_core.package_identification:_identify(yahboomcar_description) by extensions ['colcon_meta']
[52.344s] Level 1:colcon.colcon_core.package_identification:_identify(yahboomcar_description) by extension 'colcon_meta'
[52.345s] Level 1:colcon.colcon_core.package_identification:_identify(yahboomcar_description) by extensions ['ros']
[52.345s] Level 1:colcon.colcon_core.package_identification:_identify(yahboomcar_description) by extension 'ros'
[52.348s] DEBUG:colcon.colcon_core.package_identification:Package 'yahboomcar_description' with type 'ros.ament_python' and name 'yahboomcar_description'
[52.349s] Level 1:colcon.colcon_core.package_identification:_identify(ydlidar_ros2_driver) by extensions ['ignore', 'ignore_ament_install']
[52.350s] Level 1:colcon.colcon_core.package_identification:_identify(ydlidar_ros2_driver) by extension 'ignore'
[52.350s] Level 1:colcon.colcon_core.package_identification:_identify(ydlidar_ros2_driver) by extension 'ignore_ament_install'
[52.351s] Level 1:colcon.colcon_core.package_identification:_identify(ydlidar_ros2_driver) by extensions ['colcon_pkg']
[52.351s] Level 1:colcon.colcon_core.package_identification:_identify(ydlidar_ros2_driver) by extension 'colcon_pkg'
[52.351s] Level 1:colcon.colcon_core.package_identification:_identify(ydlidar_ros2_driver) by extensions ['colcon_meta']
[52.351s] Level 1:colcon.colcon_core.package_identification:_identify(ydlidar_ros2_driver) by extension 'colcon_meta'
[52.352s] Level 1:colcon.colcon_core.package_identification:_identify(ydlidar_ros2_driver) by extensions ['ros']
[52.352s] Level 1:colcon.colcon_core.package_identification:_identify(ydlidar_ros2_driver) by extension 'ros'
[52.353s] Level 1:colcon.colcon_core.package_identification:_identify(ydlidar_ros2_driver) by extensions ['cmake', 'python']
[52.353s] Level 1:colcon.colcon_core.package_identification:_identify(ydlidar_ros2_driver) by extension 'cmake'
[52.353s] Level 1:colcon.colcon_core.package_identification:_identify(ydlidar_ros2_driver) by extension 'python'
[52.354s] Level 1:colcon.colcon_core.package_identification:_identify(ydlidar_ros2_driver) by extensions ['python_setup_py']
[52.354s] Level 1:colcon.colcon_core.package_identification:_identify(ydlidar_ros2_driver) by extension 'python_setup_py'
[52.354s] Level 1:colcon.colcon_core.package_discovery:discover_packages(recursive) using defaults
[52.355s] Level 1:colcon.colcon_core.package_discovery:discover_packages(ignore) discover
[52.355s] Level 1:colcon.colcon_core.package_discovery:discover_packages(ignore) using defaults
[52.355s] Level 1:colcon.colcon_core.package_discovery:discover_packages(path) discover
[52.355s] Level 1:colcon.colcon_core.package_discovery:discover_packages(path) using defaults
[55.191s] INFO:colcon.colcon_core.package_selection:Skipping not selected package 'farming_navigation2' in 'farming_navigation2'
[55.192s] INFO:colcon.colcon_core.package_selection:Skipping not selected package 'farming_vision' in 'farming_vision'
[55.192s] INFO:colcon.colcon_core.package_selection:Skipping not selected package 'imu_filter_madgwick' in 'imu_tools/imu_filter_madgwick'
[55.192s] INFO:colcon.colcon_core.package_selection:Skipping not selected package 'motion_controller' in 'motion_controller'
[55.192s] INFO:colcon.colcon_core.package_selection:Skipping not selected package 'robot_localization' in 'robot_localization'
[55.192s] INFO:colcon.colcon_core.package_selection:Skipping not selected package 'yahboomcar_base_node' in 'yahboomcar_base_node'
[55.193s] INFO:colcon.colcon_core.package_selection:Skipping not selected package 'yahboomcar_bringup' in 'yahboomcar_bringup'
[55.193s] INFO:colcon.colcon_core.package_selection:Skipping not selected package 'yahboomcar_ctrl' in 'yahboomcar_ctrl'
[55.193s] INFO:colcon.colcon_core.package_selection:Skipping not selected package 'yahboomcar_description' in 'yahboomcar_description'
[55.193s] INFO:colcon.colcon_core.package_selection:Skipping not selected package 'imu_tools' in 'imu_tools/imu_tools'
[56.999s] Level 1:colcon.colcon_core.package_discovery:discover_packages(prefix_path) check parameters
[56.999s] Level 1:colcon.colcon_core.package_discovery:discover_packages(prefix_path) discover
[58.831s] DEBUG:colcon.colcon_installed_package_information.package_discovery:Found 1 installed packages in /root/farming_ws/src/install
[59.739s] DEBUG:colcon.colcon_installed_package_information.package_discovery:Found 12 installed packages in /root/farming_ws/install
[60.723s] DEBUG:colcon.colcon_installed_package_information.package_discovery:Found 22 installed packages in /root/catkin_ws/install
[61.639s] DEBUG:colcon.colcon_installed_package_information.package_discovery:Found 22 installed packages in /userdata/dev_ws/install
[62.595s] DEBUG:colcon.colcon_installed_package_information.package_discovery:Found 331 installed packages in /opt/tros
[63.532s] DEBUG:colcon.colcon_installed_package_information.package_discovery:Found 314 installed packages in /opt/ros/foxy
[63.602s] Level 1:colcon.colcon_core.package_discovery:discover_packages(prefix_path) using defaults
[65.292s] WARNING:colcon.colcon_core.package_selection:Some selected packages are already built in one or more underlay workspaces:
	'imu_complementary_filter' is in: /root/farming_ws/src/install/imu_complementary_filter, /root/farming_ws/install/imu_complementary_filter, /opt/ros/foxy
If a package in a merged underlay workspace is overridden and it installs headers, then all packages in the overlay must sort their include directories by workspace order. Failure to do so may result in build failures or undefined behavior at run time.
If the overridden package is used by another package in any underlay, then the overriding package in the overlay must be API and ABI compatible or undefined behavior at run time may occur.

If you understand the risks and want to override a package anyways, add the following to the command line:
	--allow-overriding imu_complementary_filter

This may be promoted to an error in a future release of colcon-override-check.
[66.217s] Level 5:colcon.colcon_core.verb:set package 'imu_complementary_filter' build argument 'cmake_args' from command line to 'None'
[66.217s] Level 5:colcon.colcon_core.verb:set package 'imu_complementary_filter' build argument 'cmake_target' from command line to 'None'
[66.218s] Level 5:colcon.colcon_core.verb:set package 'imu_complementary_filter' build argument 'cmake_target_skip_unavailable' from command line to 'False'
[66.219s] Level 5:colcon.colcon_core.verb:set package 'imu_complementary_filter' build argument 'cmake_clean_cache' from command line to 'False'
[66.219s] Level 5:colcon.colcon_core.verb:set package 'imu_complementary_filter' build argument 'cmake_clean_first' from command line to 'False'
[66.219s] Level 5:colcon.colcon_core.verb:set package 'imu_complementary_filter' build argument 'cmake_force_configure' from command line to 'False'
[66.219s] Level 5:colcon.colcon_core.verb:set package 'imu_complementary_filter' build argument 'ament_cmake_args' from command line to 'None'
[66.219s] Level 5:colcon.colcon_core.verb:set package 'imu_complementary_filter' build argument 'catkin_cmake_args' from command line to 'None'
[66.220s] Level 5:colcon.colcon_core.verb:set package 'imu_complementary_filter' build argument 'catkin_skip_building_tests' from command line to 'False'
[66.220s] DEBUG:colcon.colcon_core.verb:Building package 'imu_complementary_filter' with the following arguments: {'ament_cmake_args': None, 'build_base': '/root/farming_ws/src/build/imu_complementary_filter', 'catkin_cmake_args': None, 'catkin_skip_building_tests': False, 'cmake_args': None, 'cmake_clean_cache': False, 'cmake_clean_first': False, 'cmake_force_configure': False, 'cmake_target': None, 'cmake_target_skip_unavailable': False, 'install_base': '/root/farming_ws/src/install/imu_complementary_filter', 'merge_install': False, 'path': '/root/farming_ws/src/imu_tools/imu_complementary_filter', 'symlink_install': False, 'test_result_base': None}
[67.126s] INFO:colcon.colcon_core.executor:Executing jobs using 'parallel' executor
[68.038s] DEBUG:colcon.colcon_parallel_executor.executor.parallel:run_until_complete
[68.040s] INFO:colcon.colcon_ros.task.ament_cmake.build:Building ROS package in '/root/farming_ws/src/imu_tools/imu_complementary_filter' with build type 'ament_cmake'
[68.041s] INFO:colcon.colcon_cmake.task.cmake.build:Building CMake package in '/root/farming_ws/src/imu_tools/imu_complementary_filter'
[68.990s] INFO:colcon.colcon_core.plugin_system:Skipping extension 'colcon_core.shell.bat': Not used on non-Windows systems
[68.992s] INFO:colcon.colcon_core.shell:Skip shell extension 'powershell' for command environment: Not usable outside of PowerShell
[68.993s] DEBUG:colcon.colcon_core.shell:Skip shell extension 'dsv' for command environment
[75.700s] DEBUG:colcon.colcon_core.event_handler.log_command:Invoking command in '/root/farming_ws/src/build/imu_complementary_filter': CMAKE_PREFIX_PATH=${CMAKE_PREFIX_PATH}:/root/farming_ws/install/yahboomcar_description:/root/farming_ws/install/yahboomcar_ctrl:/root/farming_ws/install/yahboomcar_bringup:/root/farming_ws/install/motion_controller:/root/farming_ws/install/farming_vision:/root/farming_ws/install/farming_navigation2:/root/catkin_ws/install/vlpr:/root/catkin_ws/install/qr_code_detection:/root/catkin_ws/install/qr_code_control:/root/catkin_ws/install/originbot_linefollower:/root/catkin_ws/install/originbot_demo:/userdata/dev_ws/install/vlpr:/userdata/dev_ws/install/qr_code_detection:/userdata/dev_ws/install/qr_code_control:/userdata/dev_ws/install/originbot_linefollower:/userdata/dev_ws/install/originbot_demo:/opt/ros/foxy /usr/bin/cmake --build /root/farming_ws/src/build/imu_complementary_filter -- -j4 -l4
[76.213s] DEBUG:colcon.colcon_core.event_handler.log_command:Invoked command in '/root/farming_ws/src/build/imu_complementary_filter' returned '0': CMAKE_PREFIX_PATH=${CMAKE_PREFIX_PATH}:/root/farming_ws/install/yahboomcar_description:/root/farming_ws/install/yahboomcar_ctrl:/root/farming_ws/install/yahboomcar_bringup:/root/farming_ws/install/motion_controller:/root/farming_ws/install/farming_vision:/root/farming_ws/install/farming_navigation2:/root/catkin_ws/install/vlpr:/root/catkin_ws/install/qr_code_detection:/root/catkin_ws/install/qr_code_control:/root/catkin_ws/install/originbot_linefollower:/root/catkin_ws/install/originbot_demo:/userdata/dev_ws/install/vlpr:/userdata/dev_ws/install/qr_code_detection:/userdata/dev_ws/install/qr_code_control:/userdata/dev_ws/install/originbot_linefollower:/userdata/dev_ws/install/originbot_demo:/opt/ros/foxy /usr/bin/cmake --build /root/farming_ws/src/build/imu_complementary_filter -- -j4 -l4
[76.391s] DEBUG:colcon.colcon_core.event_handler.log_command:Invoking command in '/root/farming_ws/src/build/imu_complementary_filter': CMAKE_PREFIX_PATH=${CMAKE_PREFIX_PATH}:/root/farming_ws/install/yahboomcar_description:/root/farming_ws/install/yahboomcar_ctrl:/root/farming_ws/install/yahboomcar_bringup:/root/farming_ws/install/motion_controller:/root/farming_ws/install/farming_vision:/root/farming_ws/install/farming_navigation2:/root/catkin_ws/install/vlpr:/root/catkin_ws/install/qr_code_detection:/root/catkin_ws/install/qr_code_control:/root/catkin_ws/install/originbot_linefollower:/root/catkin_ws/install/originbot_demo:/userdata/dev_ws/install/vlpr:/userdata/dev_ws/install/qr_code_detection:/userdata/dev_ws/install/qr_code_control:/userdata/dev_ws/install/originbot_linefollower:/userdata/dev_ws/install/originbot_demo:/opt/ros/foxy /usr/bin/cmake --install /root/farming_ws/src/build/imu_complementary_filter
[76.457s] Level 1:colcon.colcon_core.environment:create_environment_scripts_only(imu_complementary_filter)
[76.471s] DEBUG:colcon.colcon_core.event_handler.log_command:Invoked command in '/root/farming_ws/src/build/imu_complementary_filter' returned '0': CMAKE_PREFIX_PATH=${CMAKE_PREFIX_PATH}:/root/farming_ws/install/yahboomcar_description:/root/farming_ws/install/yahboomcar_ctrl:/root/farming_ws/install/yahboomcar_bringup:/root/farming_ws/install/motion_controller:/root/farming_ws/install/farming_vision:/root/farming_ws/install/farming_navigation2:/root/catkin_ws/install/vlpr:/root/catkin_ws/install/qr_code_detection:/root/catkin_ws/install/qr_code_control:/root/catkin_ws/install/originbot_linefollower:/root/catkin_ws/install/originbot_demo:/userdata/dev_ws/install/vlpr:/userdata/dev_ws/install/qr_code_detection:/userdata/dev_ws/install/qr_code_control:/userdata/dev_ws/install/originbot_linefollower:/userdata/dev_ws/install/originbot_demo:/opt/ros/foxy /usr/bin/cmake --install /root/farming_ws/src/build/imu_complementary_filter
[77.422s] Level 1:colcon.colcon_core.environment:checking '/root/farming_ws/src/install/imu_complementary_filter' for CMake module files
[77.426s] Level 1:colcon.colcon_core.environment:checking '/root/farming_ws/src/install/imu_complementary_filter' for CMake config files
[77.428s] Level 1:colcon.colcon_core.shell:create_environment_hook('imu_complementary_filter', 'cmake_prefix_path')
[78.359s] INFO:colcon.colcon_core.shell:Creating environment hook '/root/farming_ws/src/install/imu_complementary_filter/share/imu_complementary_filter/hook/cmake_prefix_path.ps1'
[78.363s] INFO:colcon.colcon_core.shell:Creating environment descriptor '/root/farming_ws/src/install/imu_complementary_filter/share/imu_complementary_filter/hook/cmake_prefix_path.dsv'
[78.366s] INFO:colcon.colcon_core.shell:Creating environment hook '/root/farming_ws/src/install/imu_complementary_filter/share/imu_complementary_filter/hook/cmake_prefix_path.sh'
[78.372s] Level 1:colcon.colcon_core.environment:checking '/root/farming_ws/src/install/imu_complementary_filter/lib'
[78.374s] Level 1:colcon.colcon_core.environment:checking '/root/farming_ws/src/install/imu_complementary_filter/bin'
[78.374s] Level 1:colcon.colcon_core.environment:checking '/root/farming_ws/src/install/imu_complementary_filter/lib/pkgconfig/imu_complementary_filter.pc'
[78.376s] Level 1:colcon.colcon_core.environment:checking '/root/farming_ws/src/install/imu_complementary_filter/lib/python3.8/site-packages'
[78.377s] Level 1:colcon.colcon_core.environment:checking '/root/farming_ws/src/install/imu_complementary_filter/bin'
[79.309s] INFO:colcon.colcon_core.shell:Creating package script '/root/farming_ws/src/install/imu_complementary_filter/share/imu_complementary_filter/package.ps1'
[79.314s] INFO:colcon.colcon_core.shell:Creating package descriptor '/root/farming_ws/src/install/imu_complementary_filter/share/imu_complementary_filter/package.dsv'
[79.318s] INFO:colcon.colcon_core.shell:Creating package script '/root/farming_ws/src/install/imu_complementary_filter/share/imu_complementary_filter/package.sh'
[79.324s] INFO:colcon.colcon_core.shell:Creating package script '/root/farming_ws/src/install/imu_complementary_filter/share/imu_complementary_filter/package.bash'
[79.330s] INFO:colcon.colcon_core.shell:Creating package script '/root/farming_ws/src/install/imu_complementary_filter/share/imu_complementary_filter/package.zsh'
[79.335s] Level 1:colcon.colcon_core.environment:create_file_with_runtime_dependencies(/root/farming_ws/src/install/imu_complementary_filter/share/colcon-core/packages/imu_complementary_filter)
[80.386s] Level 1:colcon.colcon_core.environment:create_environment_scripts_only(imu_complementary_filter)
[81.320s] Level 1:colcon.colcon_core.environment:checking '/root/farming_ws/src/install/imu_complementary_filter' for CMake module files
[81.324s] Level 1:colcon.colcon_core.environment:checking '/root/farming_ws/src/install/imu_complementary_filter' for CMake config files
[81.325s] Level 1:colcon.colcon_core.shell:create_environment_hook('imu_complementary_filter', 'cmake_prefix_path')
[82.257s] INFO:colcon.colcon_core.shell:Creating environment hook '/root/farming_ws/src/install/imu_complementary_filter/share/imu_complementary_filter/hook/cmake_prefix_path.ps1'
[82.260s] INFO:colcon.colcon_core.shell:Creating environment descriptor '/root/farming_ws/src/install/imu_complementary_filter/share/imu_complementary_filter/hook/cmake_prefix_path.dsv'
[82.262s] INFO:colcon.colcon_core.shell:Creating environment hook '/root/farming_ws/src/install/imu_complementary_filter/share/imu_complementary_filter/hook/cmake_prefix_path.sh'
[82.266s] Level 1:colcon.colcon_core.environment:checking '/root/farming_ws/src/install/imu_complementary_filter/lib'
[82.267s] Level 1:colcon.colcon_core.environment:checking '/root/farming_ws/src/install/imu_complementary_filter/bin'
[82.267s] Level 1:colcon.colcon_core.environment:checking '/root/farming_ws/src/install/imu_complementary_filter/lib/pkgconfig/imu_complementary_filter.pc'
[82.269s] Level 1:colcon.colcon_core.environment:checking '/root/farming_ws/src/install/imu_complementary_filter/lib/python3.8/site-packages'
[82.270s] Level 1:colcon.colcon_core.environment:checking '/root/farming_ws/src/install/imu_complementary_filter/bin'
[83.206s] INFO:colcon.colcon_core.shell:Creating package script '/root/farming_ws/src/install/imu_complementary_filter/share/imu_complementary_filter/package.ps1'
[83.209s] INFO:colcon.colcon_core.shell:Creating package descriptor '/root/farming_ws/src/install/imu_complementary_filter/share/imu_complementary_filter/package.dsv'
[83.212s] INFO:colcon.colcon_core.shell:Creating package script '/root/farming_ws/src/install/imu_complementary_filter/share/imu_complementary_filter/package.sh'
[83.216s] INFO:colcon.colcon_core.shell:Creating package script '/root/farming_ws/src/install/imu_complementary_filter/share/imu_complementary_filter/package.bash'
[83.218s] INFO:colcon.colcon_core.shell:Creating package script '/root/farming_ws/src/install/imu_complementary_filter/share/imu_complementary_filter/package.zsh'
[83.221s] Level 1:colcon.colcon_core.environment:create_file_with_runtime_dependencies(/root/farming_ws/src/install/imu_complementary_filter/share/colcon-core/packages/imu_complementary_filter)
[83.223s] DEBUG:colcon.colcon_parallel_executor.executor.parallel:closing loop
[83.224s] DEBUG:colcon.colcon_parallel_executor.executor.parallel:loop closed
[83.225s] DEBUG:colcon.colcon_parallel_executor.executor.parallel:run_until_complete finished with '0'
[83.226s] DEBUG:colcon.colcon_core.event_reactor:joining thread
[84.178s] INFO:colcon.colcon_core.plugin_system:Skipping extension 'colcon_notification.desktop_notification.notify_send': Could not find 'notify-send'
[84.179s] INFO:colcon.colcon_core.plugin_system:Skipping extension 'colcon_notification.desktop_notification.terminal_notifier': Not used on non-Darwin systems
[84.180s] INFO:colcon.colcon_core.plugin_system:Skipping extension 'colcon_notification.desktop_notification.win32': Not used on non-Windows systems
[84.180s] INFO:colcon.colcon_notification.desktop_notification:Sending desktop notification using 'notify2'
[84.183s] DEBUG:colcon.colcon_notification.desktop_notification.notify2:Failed to initialize notify2: org.freedesktop.DBus.Error.ServiceUnknown: The name org.freedesktop.Notifications was not provided by any .service files
[84.183s] DEBUG:colcon.colcon_core.event_reactor:joined thread
[85.100s] INFO:colcon.colcon_core.shell:Creating prefix script '/root/farming_ws/src/install/local_setup.ps1'
[85.106s] INFO:colcon.colcon_core.shell:Creating prefix util module '/root/farming_ws/src/install/_local_setup_util_ps1.py'
[85.118s] INFO:colcon.colcon_core.shell:Creating prefix chain script '/root/farming_ws/src/install/setup.ps1'
[86.051s] INFO:colcon.colcon_core.shell:Creating prefix script '/root/farming_ws/src/install/local_setup.sh'
[86.055s] INFO:colcon.colcon_core.shell:Creating prefix util module '/root/farming_ws/src/install/_local_setup_util_sh.py'
[86.058s] INFO:colcon.colcon_core.shell:Creating prefix chain script '/root/farming_ws/src/install/setup.sh'
[86.994s] INFO:colcon.colcon_core.shell:Creating prefix script '/root/farming_ws/src/install/local_setup.bash'
[86.998s] INFO:colcon.colcon_core.shell:Creating prefix chain script '/root/farming_ws/src/install/setup.bash'
[87.930s] INFO:colcon.colcon_core.shell:Creating prefix script '/root/farming_ws/src/install/local_setup.zsh'
[87.934s] INFO:colcon.colcon_core.shell:Creating prefix chain script '/root/farming_ws/src/install/setup.zsh'
