[49.591s] DEBUG:colcon:Command line arguments: ['/usr/local/bin/colcon', 'build', '--packages-select', 'motion_controller']
[49.592s] DEBUG:colcon:Parsed command line arguments: Namespace(allow_overriding=[], ament_cmake_args=None, base_paths=['.'], build_base='build', catkin_cmake_args=None, catkin_skip_building_tests=False, cmake_args=None, cmake_clean_cache=False, cmake_clean_first=False, cmake_force_configure=False, cmake_target=None, cmake_target_skip_unavailable=False, continue_on_error=False, event_handlers=None, executor='parallel', ignore_user_meta=False, install_base='install', log_base=None, log_level=None, main=<bound method BuildVerb.main of <colcon_core.verb.build.BuildVerb object at 0x7f8728a970>>, merge_install=False, metas=['./colcon.meta'], packages_above=None, packages_above_and_dependencies=None, packages_above_depth=None, packages_end=None, packages_ignore=None, packages_ignore_regex=None, packages_select=['motion_controller'], packages_select_build_failed=False, packages_select_by_dep=None, packages_select_regex=None, packages_select_test_failures=False, packages_skip=None, packages_skip_build_finished=False, packages_skip_by_dep=None, packages_skip_regex=None, packages_skip_test_passed=False, packages_skip_up_to=None, packages_start=None, packages_up_to=None, packages_up_to_regex=None, parallel_workers=4, paths=None, symlink_install=False, test_result_base=None, verb_extension=<colcon_core.verb.build.BuildVerb object at 0x7f8728a970>, verb_name='build', verb_parser=<colcon_defaults.argument_parser.defaults.DefaultArgumentsDecorator object at 0x7f870564f0>)
[52.702s] Level 1:colcon.colcon_core.package_discovery:discover_packages(colcon_meta) check parameters
[52.703s] Level 1:colcon.colcon_core.package_discovery:discover_packages(recursive) check parameters
[52.703s] Level 1:colcon.colcon_core.package_discovery:discover_packages(ignore) check parameters
[52.703s] Level 1:colcon.colcon_core.package_discovery:discover_packages(path) check parameters
[52.704s] Level 1:colcon.colcon_core.package_discovery:discover_packages(colcon_meta) discover
[52.704s] Level 1:colcon.colcon_core.package_discovery:discover_packages(recursive) discover
[52.704s] INFO:colcon.colcon_core.package_discovery:Crawling recursively for packages in '/root/farming_ws/src'
[52.705s] Level 1:colcon.colcon_core.package_identification:_identify(.) by extensions ['ignore', 'ignore_ament_install']
[52.705s] Level 1:colcon.colcon_core.package_identification:_identify(.) by extension 'ignore'
[52.706s] Level 1:colcon.colcon_core.package_identification:_identify(.) by extension 'ignore_ament_install'
[52.706s] Level 1:colcon.colcon_core.package_identification:_identify(.) by extensions ['colcon_pkg']
[52.707s] Level 1:colcon.colcon_core.package_identification:_identify(.) by extension 'colcon_pkg'
[52.707s] Level 1:colcon.colcon_core.package_identification:_identify(.) by extensions ['colcon_meta']
[52.707s] Level 1:colcon.colcon_core.package_identification:_identify(.) by extension 'colcon_meta'
[52.707s] Level 1:colcon.colcon_core.package_identification:_identify(.) by extensions ['ros']
[52.708s] Level 1:colcon.colcon_core.package_identification:_identify(.) by extension 'ros'
[52.876s] Level 1:colcon.colcon_core.package_identification:_identify(.) by extensions ['cmake', 'python']
[52.876s] Level 1:colcon.colcon_core.package_identification:_identify(.) by extension 'cmake'
[52.876s] Level 1:colcon.colcon_core.package_identification:_identify(.) by extension 'python'
[52.877s] Level 1:colcon.colcon_core.package_identification:_identify(.) by extensions ['python_setup_py']
[52.877s] Level 1:colcon.colcon_core.package_identification:_identify(.) by extension 'python_setup_py'
[52.878s] Level 1:colcon.colcon_core.package_identification:_identify(build) by extensions ['ignore', 'ignore_ament_install']
[52.878s] Level 1:colcon.colcon_core.package_identification:_identify(build) by extension 'ignore'
[52.879s] Level 1:colcon.colcon_core.package_identification:_identify(build) ignored
[52.880s] Level 1:colcon.colcon_core.package_identification:_identify(farming_navigation2) by extensions ['ignore', 'ignore_ament_install']
[52.880s] Level 1:colcon.colcon_core.package_identification:_identify(farming_navigation2) by extension 'ignore'
[52.881s] Level 1:colcon.colcon_core.package_identification:_identify(farming_navigation2) by extension 'ignore_ament_install'
[52.881s] Level 1:colcon.colcon_core.package_identification:_identify(farming_navigation2) by extensions ['colcon_pkg']
[52.881s] Level 1:colcon.colcon_core.package_identification:_identify(farming_navigation2) by extension 'colcon_pkg'
[52.882s] Level 1:colcon.colcon_core.package_identification:_identify(farming_navigation2) by extensions ['colcon_meta']
[52.882s] Level 1:colcon.colcon_core.package_identification:_identify(farming_navigation2) by extension 'colcon_meta'
[52.882s] Level 1:colcon.colcon_core.package_identification:_identify(farming_navigation2) by extensions ['ros']
[52.883s] Level 1:colcon.colcon_core.package_identification:_identify(farming_navigation2) by extension 'ros'
[52.901s] DEBUG:colcon.colcon_core.package_identification:Package 'farming_navigation2' with type 'ros.ament_python' and name 'farming_navigation2'
[52.901s] Level 1:colcon.colcon_core.package_identification:_identify(farming_vision) by extensions ['ignore', 'ignore_ament_install']
[52.902s] Level 1:colcon.colcon_core.package_identification:_identify(farming_vision) by extension 'ignore'
[52.903s] Level 1:colcon.colcon_core.package_identification:_identify(farming_vision) by extension 'ignore_ament_install'
[52.903s] Level 1:colcon.colcon_core.package_identification:_identify(farming_vision) by extensions ['colcon_pkg']
[52.903s] Level 1:colcon.colcon_core.package_identification:_identify(farming_vision) by extension 'colcon_pkg'
[52.904s] Level 1:colcon.colcon_core.package_identification:_identify(farming_vision) by extensions ['colcon_meta']
[52.904s] Level 1:colcon.colcon_core.package_identification:_identify(farming_vision) by extension 'colcon_meta'
[52.904s] Level 1:colcon.colcon_core.package_identification:_identify(farming_vision) by extensions ['ros']
[52.904s] Level 1:colcon.colcon_core.package_identification:_identify(farming_vision) by extension 'ros'
[52.909s] DEBUG:colcon.colcon_core.package_identification:Package 'farming_vision' with type 'ros.ament_python' and name 'farming_vision'
[52.910s] Level 1:colcon.colcon_core.package_identification:_identify(imu_tools) by extensions ['ignore', 'ignore_ament_install']
[52.911s] Level 1:colcon.colcon_core.package_identification:_identify(imu_tools) by extension 'ignore'
[52.911s] Level 1:colcon.colcon_core.package_identification:_identify(imu_tools) by extension 'ignore_ament_install'
[52.911s] Level 1:colcon.colcon_core.package_identification:_identify(imu_tools) by extensions ['colcon_pkg']
[52.912s] Level 1:colcon.colcon_core.package_identification:_identify(imu_tools) by extension 'colcon_pkg'
[52.912s] Level 1:colcon.colcon_core.package_identification:_identify(imu_tools) by extensions ['colcon_meta']
[52.912s] Level 1:colcon.colcon_core.package_identification:_identify(imu_tools) by extension 'colcon_meta'
[52.912s] Level 1:colcon.colcon_core.package_identification:_identify(imu_tools) by extensions ['ros']
[52.913s] Level 1:colcon.colcon_core.package_identification:_identify(imu_tools) by extension 'ros'
[52.913s] Level 1:colcon.colcon_core.package_identification:_identify(imu_tools) by extensions ['cmake', 'python']
[52.914s] Level 1:colcon.colcon_core.package_identification:_identify(imu_tools) by extension 'cmake'
[52.914s] Level 1:colcon.colcon_core.package_identification:_identify(imu_tools) by extension 'python'
[52.914s] Level 1:colcon.colcon_core.package_identification:_identify(imu_tools) by extensions ['python_setup_py']
[52.914s] Level 1:colcon.colcon_core.package_identification:_identify(imu_tools) by extension 'python_setup_py'
[52.915s] Level 1:colcon.colcon_core.package_identification:_identify(imu_tools/imu_complementary_filter) by extensions ['ignore', 'ignore_ament_install']
[52.916s] Level 1:colcon.colcon_core.package_identification:_identify(imu_tools/imu_complementary_filter) by extension 'ignore'
[52.916s] Level 1:colcon.colcon_core.package_identification:_identify(imu_tools/imu_complementary_filter) by extension 'ignore_ament_install'
[52.917s] Level 1:colcon.colcon_core.package_identification:_identify(imu_tools/imu_complementary_filter) by extensions ['colcon_pkg']
[52.917s] Level 1:colcon.colcon_core.package_identification:_identify(imu_tools/imu_complementary_filter) by extension 'colcon_pkg'
[52.917s] Level 1:colcon.colcon_core.package_identification:_identify(imu_tools/imu_complementary_filter) by extensions ['colcon_meta']
[52.917s] Level 1:colcon.colcon_core.package_identification:_identify(imu_tools/imu_complementary_filter) by extension 'colcon_meta'
[52.918s] Level 1:colcon.colcon_core.package_identification:_identify(imu_tools/imu_complementary_filter) by extensions ['ros']
[52.918s] Level 1:colcon.colcon_core.package_identification:_identify(imu_tools/imu_complementary_filter) by extension 'ros'
[52.922s] DEBUG:colcon.colcon_core.package_identification:Package 'imu_tools/imu_complementary_filter' with type 'ros.ament_cmake' and name 'imu_complementary_filter'
[52.923s] Level 1:colcon.colcon_core.package_identification:_identify(imu_tools/imu_filter_madgwick) by extensions ['ignore', 'ignore_ament_install']
[52.924s] Level 1:colcon.colcon_core.package_identification:_identify(imu_tools/imu_filter_madgwick) by extension 'ignore'
[52.924s] Level 1:colcon.colcon_core.package_identification:_identify(imu_tools/imu_filter_madgwick) by extension 'ignore_ament_install'
[52.925s] Level 1:colcon.colcon_core.package_identification:_identify(imu_tools/imu_filter_madgwick) by extensions ['colcon_pkg']
[52.925s] Level 1:colcon.colcon_core.package_identification:_identify(imu_tools/imu_filter_madgwick) by extension 'colcon_pkg'
[52.925s] Level 1:colcon.colcon_core.package_identification:_identify(imu_tools/imu_filter_madgwick) by extensions ['colcon_meta']
[52.925s] Level 1:colcon.colcon_core.package_identification:_identify(imu_tools/imu_filter_madgwick) by extension 'colcon_meta'
[52.926s] Level 1:colcon.colcon_core.package_identification:_identify(imu_tools/imu_filter_madgwick) by extensions ['ros']
[52.926s] Level 1:colcon.colcon_core.package_identification:_identify(imu_tools/imu_filter_madgwick) by extension 'ros'
[52.937s] DEBUG:colcon.colcon_core.package_identification:Package 'imu_tools/imu_filter_madgwick' with type 'ros.ament_cmake' and name 'imu_filter_madgwick'
[52.938s] Level 1:colcon.colcon_core.package_identification:_identify(imu_tools/imu_tools) by extensions ['ignore', 'ignore_ament_install']
[52.939s] Level 1:colcon.colcon_core.package_identification:_identify(imu_tools/imu_tools) by extension 'ignore'
[52.939s] Level 1:colcon.colcon_core.package_identification:_identify(imu_tools/imu_tools) by extension 'ignore_ament_install'
[52.940s] Level 1:colcon.colcon_core.package_identification:_identify(imu_tools/imu_tools) by extensions ['colcon_pkg']
[52.940s] Level 1:colcon.colcon_core.package_identification:_identify(imu_tools/imu_tools) by extension 'colcon_pkg'
[52.940s] Level 1:colcon.colcon_core.package_identification:_identify(imu_tools/imu_tools) by extensions ['colcon_meta']
[52.940s] Level 1:colcon.colcon_core.package_identification:_identify(imu_tools/imu_tools) by extension 'colcon_meta'
[52.941s] Level 1:colcon.colcon_core.package_identification:_identify(imu_tools/imu_tools) by extensions ['ros']
[52.941s] Level 1:colcon.colcon_core.package_identification:_identify(imu_tools/imu_tools) by extension 'ros'
[52.944s] DEBUG:colcon.colcon_core.package_identification:Package 'imu_tools/imu_tools' with type 'ros.ament_cmake' and name 'imu_tools'
[52.945s] Level 1:colcon.colcon_core.package_identification:_identify(install) by extensions ['ignore', 'ignore_ament_install']
[52.946s] Level 1:colcon.colcon_core.package_identification:_identify(install) by extension 'ignore'
[52.946s] Level 1:colcon.colcon_core.package_identification:_identify(install) ignored
[52.947s] Level 1:colcon.colcon_core.package_identification:_identify(log) by extensions ['ignore', 'ignore_ament_install']
[52.948s] Level 1:colcon.colcon_core.package_identification:_identify(log) by extension 'ignore'
[52.948s] Level 1:colcon.colcon_core.package_identification:_identify(log) ignored
[52.949s] Level 1:colcon.colcon_core.package_identification:_identify(motion_controller) by extensions ['ignore', 'ignore_ament_install']
[52.949s] Level 1:colcon.colcon_core.package_identification:_identify(motion_controller) by extension 'ignore'
[52.950s] Level 1:colcon.colcon_core.package_identification:_identify(motion_controller) by extension 'ignore_ament_install'
[52.950s] Level 1:colcon.colcon_core.package_identification:_identify(motion_controller) by extensions ['colcon_pkg']
[52.950s] Level 1:colcon.colcon_core.package_identification:_identify(motion_controller) by extension 'colcon_pkg'
[52.951s] Level 1:colcon.colcon_core.package_identification:_identify(motion_controller) by extensions ['colcon_meta']
[52.951s] Level 1:colcon.colcon_core.package_identification:_identify(motion_controller) by extension 'colcon_meta'
[52.951s] Level 1:colcon.colcon_core.package_identification:_identify(motion_controller) by extensions ['ros']
[52.951s] Level 1:colcon.colcon_core.package_identification:_identify(motion_controller) by extension 'ros'
[52.955s] DEBUG:colcon.colcon_core.package_identification:Package 'motion_controller' with type 'ros.ament_python' and name 'motion_controller'
[52.956s] Level 1:colcon.colcon_core.package_identification:_identify(robot_localization) by extensions ['ignore', 'ignore_ament_install']
[52.957s] Level 1:colcon.colcon_core.package_identification:_identify(robot_localization) by extension 'ignore'
[52.957s] Level 1:colcon.colcon_core.package_identification:_identify(robot_localization) by extension 'ignore_ament_install'
[52.958s] Level 1:colcon.colcon_core.package_identification:_identify(robot_localization) by extensions ['colcon_pkg']
[52.958s] Level 1:colcon.colcon_core.package_identification:_identify(robot_localization) by extension 'colcon_pkg'
[52.958s] Level 1:colcon.colcon_core.package_identification:_identify(robot_localization) by extensions ['colcon_meta']
[52.959s] Level 1:colcon.colcon_core.package_identification:_identify(robot_localization) by extension 'colcon_meta'
[52.959s] Level 1:colcon.colcon_core.package_identification:_identify(robot_localization) by extensions ['ros']
[52.959s] Level 1:colcon.colcon_core.package_identification:_identify(robot_localization) by extension 'ros'
[52.977s] DEBUG:colcon.colcon_core.package_identification:Package 'robot_localization' with type 'ros.ament_cmake' and name 'robot_localization'
[52.977s] Level 1:colcon.colcon_core.package_identification:_identify(yahboomcar_base_node) by extensions ['ignore', 'ignore_ament_install']
[52.978s] Level 1:colcon.colcon_core.package_identification:_identify(yahboomcar_base_node) by extension 'ignore'
[52.978s] Level 1:colcon.colcon_core.package_identification:_identify(yahboomcar_base_node) by extension 'ignore_ament_install'
[52.979s] Level 1:colcon.colcon_core.package_identification:_identify(yahboomcar_base_node) by extensions ['colcon_pkg']
[52.979s] Level 1:colcon.colcon_core.package_identification:_identify(yahboomcar_base_node) by extension 'colcon_pkg'
[52.979s] Level 1:colcon.colcon_core.package_identification:_identify(yahboomcar_base_node) by extensions ['colcon_meta']
[52.980s] Level 1:colcon.colcon_core.package_identification:_identify(yahboomcar_base_node) by extension 'colcon_meta'
[52.980s] Level 1:colcon.colcon_core.package_identification:_identify(yahboomcar_base_node) by extensions ['ros']
[52.980s] Level 1:colcon.colcon_core.package_identification:_identify(yahboomcar_base_node) by extension 'ros'
[52.988s] DEBUG:colcon.colcon_core.package_identification:Package 'yahboomcar_base_node' with type 'ros.ament_cmake' and name 'yahboomcar_base_node'
[52.989s] Level 1:colcon.colcon_core.package_identification:_identify(yahboomcar_bringup) by extensions ['ignore', 'ignore_ament_install']
[52.989s] Level 1:colcon.colcon_core.package_identification:_identify(yahboomcar_bringup) by extension 'ignore'
[52.990s] Level 1:colcon.colcon_core.package_identification:_identify(yahboomcar_bringup) by extension 'ignore_ament_install'
[52.990s] Level 1:colcon.colcon_core.package_identification:_identify(yahboomcar_bringup) by extensions ['colcon_pkg']
[52.991s] Level 1:colcon.colcon_core.package_identification:_identify(yahboomcar_bringup) by extension 'colcon_pkg'
[52.991s] Level 1:colcon.colcon_core.package_identification:_identify(yahboomcar_bringup) by extensions ['colcon_meta']
[52.991s] Level 1:colcon.colcon_core.package_identification:_identify(yahboomcar_bringup) by extension 'colcon_meta'
[52.992s] Level 1:colcon.colcon_core.package_identification:_identify(yahboomcar_bringup) by extensions ['ros']
[52.992s] Level 1:colcon.colcon_core.package_identification:_identify(yahboomcar_bringup) by extension 'ros'
[52.996s] DEBUG:colcon.colcon_core.package_identification:Package 'yahboomcar_bringup' with type 'ros.ament_python' and name 'yahboomcar_bringup'
[52.997s] Level 1:colcon.colcon_core.package_identification:_identify(yahboomcar_ctrl) by extensions ['ignore', 'ignore_ament_install']
[52.998s] Level 1:colcon.colcon_core.package_identification:_identify(yahboomcar_ctrl) by extension 'ignore'
[52.998s] Level 1:colcon.colcon_core.package_identification:_identify(yahboomcar_ctrl) by extension 'ignore_ament_install'
[52.999s] Level 1:colcon.colcon_core.package_identification:_identify(yahboomcar_ctrl) by extensions ['colcon_pkg']
[52.999s] Level 1:colcon.colcon_core.package_identification:_identify(yahboomcar_ctrl) by extension 'colcon_pkg'
[52.999s] Level 1:colcon.colcon_core.package_identification:_identify(yahboomcar_ctrl) by extensions ['colcon_meta']
[52.999s] Level 1:colcon.colcon_core.package_identification:_identify(yahboomcar_ctrl) by extension 'colcon_meta'
[53.000s] Level 1:colcon.colcon_core.package_identification:_identify(yahboomcar_ctrl) by extensions ['ros']
[53.000s] Level 1:colcon.colcon_core.package_identification:_identify(yahboomcar_ctrl) by extension 'ros'
[53.003s] DEBUG:colcon.colcon_core.package_identification:Package 'yahboomcar_ctrl' with type 'ros.ament_python' and name 'yahboomcar_ctrl'
[53.004s] Level 1:colcon.colcon_core.package_identification:_identify(yahboomcar_description) by extensions ['ignore', 'ignore_ament_install']
[53.005s] Level 1:colcon.colcon_core.package_identification:_identify(yahboomcar_description) by extension 'ignore'
[53.005s] Level 1:colcon.colcon_core.package_identification:_identify(yahboomcar_description) by extension 'ignore_ament_install'
[53.006s] Level 1:colcon.colcon_core.package_identification:_identify(yahboomcar_description) by extensions ['colcon_pkg']
[53.006s] Level 1:colcon.colcon_core.package_identification:_identify(yahboomcar_description) by extension 'colcon_pkg'
[53.006s] Level 1:colcon.colcon_core.package_identification:_identify(yahboomcar_description) by extensions ['colcon_meta']
[53.006s] Level 1:colcon.colcon_core.package_identification:_identify(yahboomcar_description) by extension 'colcon_meta'
[53.007s] Level 1:colcon.colcon_core.package_identification:_identify(yahboomcar_description) by extensions ['ros']
[53.007s] Level 1:colcon.colcon_core.package_identification:_identify(yahboomcar_description) by extension 'ros'
[53.010s] DEBUG:colcon.colcon_core.package_identification:Package 'yahboomcar_description' with type 'ros.ament_python' and name 'yahboomcar_description'
[53.011s] Level 1:colcon.colcon_core.package_identification:_identify(ydlidar_ros2_driver) by extensions ['ignore', 'ignore_ament_install']
[53.012s] Level 1:colcon.colcon_core.package_identification:_identify(ydlidar_ros2_driver) by extension 'ignore'
[53.012s] Level 1:colcon.colcon_core.package_identification:_identify(ydlidar_ros2_driver) by extension 'ignore_ament_install'
[53.013s] Level 1:colcon.colcon_core.package_identification:_identify(ydlidar_ros2_driver) by extensions ['colcon_pkg']
[53.013s] Level 1:colcon.colcon_core.package_identification:_identify(ydlidar_ros2_driver) by extension 'colcon_pkg'
[53.013s] Level 1:colcon.colcon_core.package_identification:_identify(ydlidar_ros2_driver) by extensions ['colcon_meta']
[53.013s] Level 1:colcon.colcon_core.package_identification:_identify(ydlidar_ros2_driver) by extension 'colcon_meta'
[53.014s] Level 1:colcon.colcon_core.package_identification:_identify(ydlidar_ros2_driver) by extensions ['ros']
[53.014s] Level 1:colcon.colcon_core.package_identification:_identify(ydlidar_ros2_driver) by extension 'ros'
[53.015s] Level 1:colcon.colcon_core.package_identification:_identify(ydlidar_ros2_driver) by extensions ['cmake', 'python']
[53.015s] Level 1:colcon.colcon_core.package_identification:_identify(ydlidar_ros2_driver) by extension 'cmake'
[53.015s] Level 1:colcon.colcon_core.package_identification:_identify(ydlidar_ros2_driver) by extension 'python'
[53.015s] Level 1:colcon.colcon_core.package_identification:_identify(ydlidar_ros2_driver) by extensions ['python_setup_py']
[53.016s] Level 1:colcon.colcon_core.package_identification:_identify(ydlidar_ros2_driver) by extension 'python_setup_py'
[53.016s] Level 1:colcon.colcon_core.package_discovery:discover_packages(recursive) using defaults
[53.016s] Level 1:colcon.colcon_core.package_discovery:discover_packages(ignore) discover
[53.017s] Level 1:colcon.colcon_core.package_discovery:discover_packages(ignore) using defaults
[53.017s] Level 1:colcon.colcon_core.package_discovery:discover_packages(path) discover
[53.017s] Level 1:colcon.colcon_core.package_discovery:discover_packages(path) using defaults
[55.888s] INFO:colcon.colcon_core.package_selection:Skipping not selected package 'farming_navigation2' in 'farming_navigation2'
[55.888s] INFO:colcon.colcon_core.package_selection:Skipping not selected package 'farming_vision' in 'farming_vision'
[55.888s] INFO:colcon.colcon_core.package_selection:Skipping not selected package 'imu_complementary_filter' in 'imu_tools/imu_complementary_filter'
[55.888s] INFO:colcon.colcon_core.package_selection:Skipping not selected package 'imu_filter_madgwick' in 'imu_tools/imu_filter_madgwick'
[55.889s] INFO:colcon.colcon_core.package_selection:Skipping not selected package 'robot_localization' in 'robot_localization'
[55.889s] INFO:colcon.colcon_core.package_selection:Skipping not selected package 'yahboomcar_base_node' in 'yahboomcar_base_node'
[55.889s] INFO:colcon.colcon_core.package_selection:Skipping not selected package 'yahboomcar_bringup' in 'yahboomcar_bringup'
[55.889s] INFO:colcon.colcon_core.package_selection:Skipping not selected package 'yahboomcar_ctrl' in 'yahboomcar_ctrl'
[55.889s] INFO:colcon.colcon_core.package_selection:Skipping not selected package 'yahboomcar_description' in 'yahboomcar_description'
[55.890s] INFO:colcon.colcon_core.package_selection:Skipping not selected package 'imu_tools' in 'imu_tools/imu_tools'
[57.718s] Level 1:colcon.colcon_core.package_discovery:discover_packages(prefix_path) check parameters
[57.719s] Level 1:colcon.colcon_core.package_discovery:discover_packages(prefix_path) discover
[59.579s] DEBUG:colcon.colcon_installed_package_information.package_discovery:Found 2 installed packages in /root/farming_ws/src/install
[60.506s] DEBUG:colcon.colcon_installed_package_information.package_discovery:Found 12 installed packages in /root/farming_ws/install
[61.507s] DEBUG:colcon.colcon_installed_package_information.package_discovery:Found 22 installed packages in /root/catkin_ws/install
[62.442s] DEBUG:colcon.colcon_installed_package_information.package_discovery:Found 22 installed packages in /userdata/dev_ws/install
[63.416s] DEBUG:colcon.colcon_installed_package_information.package_discovery:Found 331 installed packages in /opt/tros
[64.369s] DEBUG:colcon.colcon_installed_package_information.package_discovery:Found 314 installed packages in /opt/ros/foxy
[64.438s] Level 1:colcon.colcon_core.package_discovery:discover_packages(prefix_path) using defaults
[67.079s] Level 5:colcon.colcon_core.verb:set package 'motion_controller' build argument 'cmake_args' from command line to 'None'
[67.079s] Level 5:colcon.colcon_core.verb:set package 'motion_controller' build argument 'cmake_target' from command line to 'None'
[67.079s] Level 5:colcon.colcon_core.verb:set package 'motion_controller' build argument 'cmake_target_skip_unavailable' from command line to 'False'
[67.080s] Level 5:colcon.colcon_core.verb:set package 'motion_controller' build argument 'cmake_clean_cache' from command line to 'False'
[67.080s] Level 5:colcon.colcon_core.verb:set package 'motion_controller' build argument 'cmake_clean_first' from command line to 'False'
[67.080s] Level 5:colcon.colcon_core.verb:set package 'motion_controller' build argument 'cmake_force_configure' from command line to 'False'
[67.080s] Level 5:colcon.colcon_core.verb:set package 'motion_controller' build argument 'ament_cmake_args' from command line to 'None'
[67.080s] Level 5:colcon.colcon_core.verb:set package 'motion_controller' build argument 'catkin_cmake_args' from command line to 'None'
[67.081s] Level 5:colcon.colcon_core.verb:set package 'motion_controller' build argument 'catkin_skip_building_tests' from command line to 'False'
[67.081s] DEBUG:colcon.colcon_core.verb:Building package 'motion_controller' with the following arguments: {'ament_cmake_args': None, 'build_base': '/root/farming_ws/src/build/motion_controller', 'catkin_cmake_args': None, 'catkin_skip_building_tests': False, 'cmake_args': None, 'cmake_clean_cache': False, 'cmake_clean_first': False, 'cmake_force_configure': False, 'cmake_target': None, 'cmake_target_skip_unavailable': False, 'install_base': '/root/farming_ws/src/install/motion_controller', 'merge_install': False, 'path': '/root/farming_ws/src/motion_controller', 'symlink_install': False, 'test_result_base': None}
[67.997s] INFO:colcon.colcon_core.executor:Executing jobs using 'parallel' executor
[68.919s] DEBUG:colcon.colcon_parallel_executor.executor.parallel:run_until_complete
[68.921s] INFO:colcon.colcon_ros.task.ament_python.build:Building ROS package in '/root/farming_ws/src/motion_controller' with build type 'ament_python'
[68.922s] Level 1:colcon.colcon_core.shell:create_environment_hook('motion_controller', 'ament_prefix_path')
[69.884s] INFO:colcon.colcon_core.plugin_system:Skipping extension 'colcon_core.shell.bat': Not used on non-Windows systems
[69.886s] INFO:colcon.colcon_core.shell:Creating environment hook '/root/farming_ws/src/install/motion_controller/share/motion_controller/hook/ament_prefix_path.ps1'
[69.890s] INFO:colcon.colcon_core.shell:Creating environment descriptor '/root/farming_ws/src/install/motion_controller/share/motion_controller/hook/ament_prefix_path.dsv'
[69.893s] INFO:colcon.colcon_core.shell:Creating environment hook '/root/farming_ws/src/install/motion_controller/share/motion_controller/hook/ament_prefix_path.sh'
[70.843s] INFO:colcon.colcon_core.shell:Skip shell extension 'powershell' for command environment: Not usable outside of PowerShell
[70.844s] DEBUG:colcon.colcon_core.shell:Skip shell extension 'dsv' for command environment
[79.692s] INFO:colcon.colcon_core.task.python.build:Building Python package in '/root/farming_ws/src/motion_controller'
[80.647s] INFO:colcon.colcon_core.shell:Skip shell extension 'powershell' for command environment: Not usable outside of PowerShell
[80.648s] DEBUG:colcon.colcon_core.shell:Skip shell extension 'dsv' for command environment
[90.576s] DEBUG:colcon.colcon_core.event_handler.log_command:Invoking command in '/root/farming_ws/src/motion_controller': PYTHONPATH=/root/farming_ws/src/build/motion_controller/prefix_override:/root/farming_ws/src/install/motion_controller/lib/python3.8/site-packages:${PYTHONPATH} /usr/bin/python3 setup.py egg_info --egg-base ../build/motion_controller build --build-base /root/farming_ws/src/build/motion_controller/build install --record /root/farming_ws/src/build/motion_controller/install.log --install-scripts $base/lib/motion_controller --single-version-externally-managed
[93.124s] DEBUG:colcon.colcon_core.event_handler.log_command:Invoked command in '/root/farming_ws/src/motion_controller' returned '0': PYTHONPATH=/root/farming_ws/src/build/motion_controller/prefix_override:/root/farming_ws/src/install/motion_controller/lib/python3.8/site-packages:${PYTHONPATH} /usr/bin/python3 setup.py egg_info --egg-base ../build/motion_controller build --build-base /root/farming_ws/src/build/motion_controller/build install --record /root/farming_ws/src/build/motion_controller/install.log --install-scripts $base/lib/motion_controller --single-version-externally-managed
[94.090s] Level 1:colcon.colcon_core.environment:checking '/root/farming_ws/src/install/motion_controller' for CMake module files
[94.094s] Level 1:colcon.colcon_core.environment:checking '/root/farming_ws/src/install/motion_controller' for CMake config files
[94.097s] Level 1:colcon.colcon_core.environment:checking '/root/farming_ws/src/install/motion_controller/lib'
[94.099s] Level 1:colcon.colcon_core.environment:checking '/root/farming_ws/src/install/motion_controller/bin'
[94.099s] Level 1:colcon.colcon_core.environment:checking '/root/farming_ws/src/install/motion_controller/lib/pkgconfig/motion_controller.pc'
[94.101s] Level 1:colcon.colcon_core.environment:checking '/root/farming_ws/src/install/motion_controller/lib/python3.8/site-packages'
[94.101s] Level 1:colcon.colcon_core.shell:create_environment_hook('motion_controller', 'pythonpath')
[95.044s] INFO:colcon.colcon_core.shell:Creating environment hook '/root/farming_ws/src/install/motion_controller/share/motion_controller/hook/pythonpath.ps1'
[95.046s] INFO:colcon.colcon_core.shell:Creating environment descriptor '/root/farming_ws/src/install/motion_controller/share/motion_controller/hook/pythonpath.dsv'
[95.049s] INFO:colcon.colcon_core.shell:Creating environment hook '/root/farming_ws/src/install/motion_controller/share/motion_controller/hook/pythonpath.sh'
[95.052s] Level 1:colcon.colcon_core.environment:checking '/root/farming_ws/src/install/motion_controller/bin'
[95.053s] Level 1:colcon.colcon_core.environment:create_environment_scripts_only(motion_controller)
[95.998s] INFO:colcon.colcon_core.shell:Creating package script '/root/farming_ws/src/install/motion_controller/share/motion_controller/package.ps1'
[96.004s] INFO:colcon.colcon_core.shell:Creating package descriptor '/root/farming_ws/src/install/motion_controller/share/motion_controller/package.dsv'
[96.008s] INFO:colcon.colcon_core.shell:Creating package script '/root/farming_ws/src/install/motion_controller/share/motion_controller/package.sh'
[96.014s] INFO:colcon.colcon_core.shell:Creating package script '/root/farming_ws/src/install/motion_controller/share/motion_controller/package.bash'
[96.020s] INFO:colcon.colcon_core.shell:Creating package script '/root/farming_ws/src/install/motion_controller/share/motion_controller/package.zsh'
[96.025s] Level 1:colcon.colcon_core.environment:create_file_with_runtime_dependencies(/root/farming_ws/src/install/motion_controller/share/colcon-core/packages/motion_controller)
[96.027s] DEBUG:colcon.colcon_parallel_executor.executor.parallel:closing loop
[96.029s] DEBUG:colcon.colcon_parallel_executor.executor.parallel:loop closed
[96.030s] DEBUG:colcon.colcon_parallel_executor.executor.parallel:run_until_complete finished with '0'
[96.030s] DEBUG:colcon.colcon_core.event_reactor:joining thread
[96.991s] INFO:colcon.colcon_core.plugin_system:Skipping extension 'colcon_notification.desktop_notification.notify_send': Could not find 'notify-send'
[96.992s] INFO:colcon.colcon_core.plugin_system:Skipping extension 'colcon_notification.desktop_notification.terminal_notifier': Not used on non-Darwin systems
[96.992s] INFO:colcon.colcon_core.plugin_system:Skipping extension 'colcon_notification.desktop_notification.win32': Not used on non-Windows systems
[96.993s] INFO:colcon.colcon_notification.desktop_notification:Sending desktop notification using 'notify2'
[96.995s] DEBUG:colcon.colcon_notification.desktop_notification.notify2:Failed to initialize notify2: org.freedesktop.DBus.Error.ServiceUnknown: The name org.freedesktop.Notifications was not provided by any .service files
[96.996s] DEBUG:colcon.colcon_core.event_reactor:joined thread
[97.925s] INFO:colcon.colcon_core.shell:Creating prefix script '/root/farming_ws/src/install/local_setup.ps1'
[97.932s] INFO:colcon.colcon_core.shell:Creating prefix util module '/root/farming_ws/src/install/_local_setup_util_ps1.py'
[97.943s] INFO:colcon.colcon_core.shell:Creating prefix chain script '/root/farming_ws/src/install/setup.ps1'
[98.890s] INFO:colcon.colcon_core.shell:Creating prefix script '/root/farming_ws/src/install/local_setup.sh'
[98.894s] INFO:colcon.colcon_core.shell:Creating prefix util module '/root/farming_ws/src/install/_local_setup_util_sh.py'
[98.897s] INFO:colcon.colcon_core.shell:Creating prefix chain script '/root/farming_ws/src/install/setup.sh'
[99.847s] INFO:colcon.colcon_core.shell:Creating prefix script '/root/farming_ws/src/install/local_setup.bash'
[99.850s] INFO:colcon.colcon_core.shell:Creating prefix chain script '/root/farming_ws/src/install/setup.bash'
[100.802s] INFO:colcon.colcon_core.shell:Creating prefix script '/root/farming_ws/src/install/local_setup.zsh'
[100.805s] INFO:colcon.colcon_core.shell:Creating prefix chain script '/root/farming_ws/src/install/setup.zsh'
