[49.697s] DEBUG:colcon:Command line arguments: ['/usr/local/bin/colcon', 'build', '--packages-select', 'motion_controller']
[49.698s] DEBUG:colcon:Parsed command line arguments: Namespace(allow_overriding=[], ament_cmake_args=None, base_paths=['.'], build_base='build', catkin_cmake_args=None, catkin_skip_building_tests=False, cmake_args=None, cmake_clean_cache=False, cmake_clean_first=False, cmake_force_configure=False, cmake_target=None, cmake_target_skip_unavailable=False, continue_on_error=False, event_handlers=None, executor='parallel', ignore_user_meta=False, install_base='install', log_base=None, log_level=None, main=<bound method BuildVerb.main of <colcon_core.verb.build.BuildVerb object at 0x7f802ec970>>, merge_install=False, metas=['./colcon.meta'], packages_above=None, packages_above_and_dependencies=None, packages_above_depth=None, packages_end=None, packages_ignore=None, packages_ignore_regex=None, packages_select=['motion_controller'], packages_select_build_failed=False, packages_select_by_dep=None, packages_select_regex=None, packages_select_test_failures=False, packages_skip=None, packages_skip_build_finished=False, packages_skip_by_dep=None, packages_skip_regex=None, packages_skip_test_passed=False, packages_skip_up_to=None, packages_start=None, packages_up_to=None, packages_up_to_regex=None, parallel_workers=4, paths=None, symlink_install=False, test_result_base=None, verb_extension=<colcon_core.verb.build.BuildVerb object at 0x7f802ec970>, verb_name='build', verb_parser=<colcon_defaults.argument_parser.defaults.DefaultArgumentsDecorator object at 0x7f800b6550>)
[52.814s] Level 1:colcon.colcon_core.package_discovery:discover_packages(colcon_meta) check parameters
[52.815s] Level 1:colcon.colcon_core.package_discovery:discover_packages(recursive) check parameters
[52.815s] Level 1:colcon.colcon_core.package_discovery:discover_packages(ignore) check parameters
[52.816s] Level 1:colcon.colcon_core.package_discovery:discover_packages(path) check parameters
[52.816s] Level 1:colcon.colcon_core.package_discovery:discover_packages(colcon_meta) discover
[52.816s] Level 1:colcon.colcon_core.package_discovery:discover_packages(recursive) discover
[52.816s] INFO:colcon.colcon_core.package_discovery:Crawling recursively for packages in '/root/farming_ws/src'
[52.817s] Level 1:colcon.colcon_core.package_identification:_identify(.) by extensions ['ignore', 'ignore_ament_install']
[52.818s] Level 1:colcon.colcon_core.package_identification:_identify(.) by extension 'ignore'
[52.818s] Level 1:colcon.colcon_core.package_identification:_identify(.) by extension 'ignore_ament_install'
[52.819s] Level 1:colcon.colcon_core.package_identification:_identify(.) by extensions ['colcon_pkg']
[52.819s] Level 1:colcon.colcon_core.package_identification:_identify(.) by extension 'colcon_pkg'
[52.819s] Level 1:colcon.colcon_core.package_identification:_identify(.) by extensions ['colcon_meta']
[52.819s] Level 1:colcon.colcon_core.package_identification:_identify(.) by extension 'colcon_meta'
[52.820s] Level 1:colcon.colcon_core.package_identification:_identify(.) by extensions ['ros']
[52.820s] Level 1:colcon.colcon_core.package_identification:_identify(.) by extension 'ros'
[52.989s] Level 1:colcon.colcon_core.package_identification:_identify(.) by extensions ['cmake', 'python']
[52.989s] Level 1:colcon.colcon_core.package_identification:_identify(.) by extension 'cmake'
[52.989s] Level 1:colcon.colcon_core.package_identification:_identify(.) by extension 'python'
[52.990s] Level 1:colcon.colcon_core.package_identification:_identify(.) by extensions ['python_setup_py']
[52.990s] Level 1:colcon.colcon_core.package_identification:_identify(.) by extension 'python_setup_py'
[52.991s] Level 1:colcon.colcon_core.package_identification:_identify(build) by extensions ['ignore', 'ignore_ament_install']
[52.991s] Level 1:colcon.colcon_core.package_identification:_identify(build) by extension 'ignore'
[52.992s] Level 1:colcon.colcon_core.package_identification:_identify(build) ignored
[52.993s] Level 1:colcon.colcon_core.package_identification:_identify(farming_navigation2) by extensions ['ignore', 'ignore_ament_install']
[52.993s] Level 1:colcon.colcon_core.package_identification:_identify(farming_navigation2) by extension 'ignore'
[52.994s] Level 1:colcon.colcon_core.package_identification:_identify(farming_navigation2) by extension 'ignore_ament_install'
[52.994s] Level 1:colcon.colcon_core.package_identification:_identify(farming_navigation2) by extensions ['colcon_pkg']
[52.994s] Level 1:colcon.colcon_core.package_identification:_identify(farming_navigation2) by extension 'colcon_pkg'
[52.995s] Level 1:colcon.colcon_core.package_identification:_identify(farming_navigation2) by extensions ['colcon_meta']
[52.995s] Level 1:colcon.colcon_core.package_identification:_identify(farming_navigation2) by extension 'colcon_meta'
[52.995s] Level 1:colcon.colcon_core.package_identification:_identify(farming_navigation2) by extensions ['ros']
[52.996s] Level 1:colcon.colcon_core.package_identification:_identify(farming_navigation2) by extension 'ros'
[53.014s] DEBUG:colcon.colcon_core.package_identification:Package 'farming_navigation2' with type 'ros.ament_python' and name 'farming_navigation2'
[53.015s] Level 1:colcon.colcon_core.package_identification:_identify(farming_vision) by extensions ['ignore', 'ignore_ament_install']
[53.015s] Level 1:colcon.colcon_core.package_identification:_identify(farming_vision) by extension 'ignore'
[53.016s] Level 1:colcon.colcon_core.package_identification:_identify(farming_vision) by extension 'ignore_ament_install'
[53.016s] Level 1:colcon.colcon_core.package_identification:_identify(farming_vision) by extensions ['colcon_pkg']
[53.016s] Level 1:colcon.colcon_core.package_identification:_identify(farming_vision) by extension 'colcon_pkg'
[53.017s] Level 1:colcon.colcon_core.package_identification:_identify(farming_vision) by extensions ['colcon_meta']
[53.017s] Level 1:colcon.colcon_core.package_identification:_identify(farming_vision) by extension 'colcon_meta'
[53.017s] Level 1:colcon.colcon_core.package_identification:_identify(farming_vision) by extensions ['ros']
[53.017s] Level 1:colcon.colcon_core.package_identification:_identify(farming_vision) by extension 'ros'
[53.022s] DEBUG:colcon.colcon_core.package_identification:Package 'farming_vision' with type 'ros.ament_python' and name 'farming_vision'
[53.023s] Level 1:colcon.colcon_core.package_identification:_identify(imu_tools) by extensions ['ignore', 'ignore_ament_install']
[53.024s] Level 1:colcon.colcon_core.package_identification:_identify(imu_tools) by extension 'ignore'
[53.024s] Level 1:colcon.colcon_core.package_identification:_identify(imu_tools) by extension 'ignore_ament_install'
[53.024s] Level 1:colcon.colcon_core.package_identification:_identify(imu_tools) by extensions ['colcon_pkg']
[53.025s] Level 1:colcon.colcon_core.package_identification:_identify(imu_tools) by extension 'colcon_pkg'
[53.025s] Level 1:colcon.colcon_core.package_identification:_identify(imu_tools) by extensions ['colcon_meta']
[53.025s] Level 1:colcon.colcon_core.package_identification:_identify(imu_tools) by extension 'colcon_meta'
[53.026s] Level 1:colcon.colcon_core.package_identification:_identify(imu_tools) by extensions ['ros']
[53.026s] Level 1:colcon.colcon_core.package_identification:_identify(imu_tools) by extension 'ros'
[53.026s] Level 1:colcon.colcon_core.package_identification:_identify(imu_tools) by extensions ['cmake', 'python']
[53.027s] Level 1:colcon.colcon_core.package_identification:_identify(imu_tools) by extension 'cmake'
[53.027s] Level 1:colcon.colcon_core.package_identification:_identify(imu_tools) by extension 'python'
[53.027s] Level 1:colcon.colcon_core.package_identification:_identify(imu_tools) by extensions ['python_setup_py']
[53.028s] Level 1:colcon.colcon_core.package_identification:_identify(imu_tools) by extension 'python_setup_py'
[53.028s] Level 1:colcon.colcon_core.package_identification:_identify(imu_tools/imu_complementary_filter) by extensions ['ignore', 'ignore_ament_install']
[53.029s] Level 1:colcon.colcon_core.package_identification:_identify(imu_tools/imu_complementary_filter) by extension 'ignore'
[53.029s] Level 1:colcon.colcon_core.package_identification:_identify(imu_tools/imu_complementary_filter) by extension 'ignore_ament_install'
[53.030s] Level 1:colcon.colcon_core.package_identification:_identify(imu_tools/imu_complementary_filter) by extensions ['colcon_pkg']
[53.030s] Level 1:colcon.colcon_core.package_identification:_identify(imu_tools/imu_complementary_filter) by extension 'colcon_pkg'
[53.030s] Level 1:colcon.colcon_core.package_identification:_identify(imu_tools/imu_complementary_filter) by extensions ['colcon_meta']
[53.031s] Level 1:colcon.colcon_core.package_identification:_identify(imu_tools/imu_complementary_filter) by extension 'colcon_meta'
[53.031s] Level 1:colcon.colcon_core.package_identification:_identify(imu_tools/imu_complementary_filter) by extensions ['ros']
[53.031s] Level 1:colcon.colcon_core.package_identification:_identify(imu_tools/imu_complementary_filter) by extension 'ros'
[53.036s] DEBUG:colcon.colcon_core.package_identification:Package 'imu_tools/imu_complementary_filter' with type 'ros.ament_cmake' and name 'imu_complementary_filter'
[53.036s] Level 1:colcon.colcon_core.package_identification:_identify(imu_tools/imu_filter_madgwick) by extensions ['ignore', 'ignore_ament_install']
[53.037s] Level 1:colcon.colcon_core.package_identification:_identify(imu_tools/imu_filter_madgwick) by extension 'ignore'
[53.038s] Level 1:colcon.colcon_core.package_identification:_identify(imu_tools/imu_filter_madgwick) by extension 'ignore_ament_install'
[53.038s] Level 1:colcon.colcon_core.package_identification:_identify(imu_tools/imu_filter_madgwick) by extensions ['colcon_pkg']
[53.038s] Level 1:colcon.colcon_core.package_identification:_identify(imu_tools/imu_filter_madgwick) by extension 'colcon_pkg'
[53.039s] Level 1:colcon.colcon_core.package_identification:_identify(imu_tools/imu_filter_madgwick) by extensions ['colcon_meta']
[53.039s] Level 1:colcon.colcon_core.package_identification:_identify(imu_tools/imu_filter_madgwick) by extension 'colcon_meta'
[53.039s] Level 1:colcon.colcon_core.package_identification:_identify(imu_tools/imu_filter_madgwick) by extensions ['ros']
[53.039s] Level 1:colcon.colcon_core.package_identification:_identify(imu_tools/imu_filter_madgwick) by extension 'ros'
[53.051s] DEBUG:colcon.colcon_core.package_identification:Package 'imu_tools/imu_filter_madgwick' with type 'ros.ament_cmake' and name 'imu_filter_madgwick'
[53.052s] Level 1:colcon.colcon_core.package_identification:_identify(imu_tools/imu_tools) by extensions ['ignore', 'ignore_ament_install']
[53.052s] Level 1:colcon.colcon_core.package_identification:_identify(imu_tools/imu_tools) by extension 'ignore'
[53.053s] Level 1:colcon.colcon_core.package_identification:_identify(imu_tools/imu_tools) by extension 'ignore_ament_install'
[53.053s] Level 1:colcon.colcon_core.package_identification:_identify(imu_tools/imu_tools) by extensions ['colcon_pkg']
[53.053s] Level 1:colcon.colcon_core.package_identification:_identify(imu_tools/imu_tools) by extension 'colcon_pkg'
[53.054s] Level 1:colcon.colcon_core.package_identification:_identify(imu_tools/imu_tools) by extensions ['colcon_meta']
[53.054s] Level 1:colcon.colcon_core.package_identification:_identify(imu_tools/imu_tools) by extension 'colcon_meta'
[53.054s] Level 1:colcon.colcon_core.package_identification:_identify(imu_tools/imu_tools) by extensions ['ros']
[53.055s] Level 1:colcon.colcon_core.package_identification:_identify(imu_tools/imu_tools) by extension 'ros'
[53.058s] DEBUG:colcon.colcon_core.package_identification:Package 'imu_tools/imu_tools' with type 'ros.ament_cmake' and name 'imu_tools'
[53.059s] Level 1:colcon.colcon_core.package_identification:_identify(install) by extensions ['ignore', 'ignore_ament_install']
[53.060s] Level 1:colcon.colcon_core.package_identification:_identify(install) by extension 'ignore'
[53.060s] Level 1:colcon.colcon_core.package_identification:_identify(install) ignored
[53.061s] Level 1:colcon.colcon_core.package_identification:_identify(log) by extensions ['ignore', 'ignore_ament_install']
[53.061s] Level 1:colcon.colcon_core.package_identification:_identify(log) by extension 'ignore'
[53.062s] Level 1:colcon.colcon_core.package_identification:_identify(log) ignored
[53.062s] Level 1:colcon.colcon_core.package_identification:_identify(motion_controller) by extensions ['ignore', 'ignore_ament_install']
[53.063s] Level 1:colcon.colcon_core.package_identification:_identify(motion_controller) by extension 'ignore'
[53.063s] Level 1:colcon.colcon_core.package_identification:_identify(motion_controller) by extension 'ignore_ament_install'
[53.064s] Level 1:colcon.colcon_core.package_identification:_identify(motion_controller) by extensions ['colcon_pkg']
[53.064s] Level 1:colcon.colcon_core.package_identification:_identify(motion_controller) by extension 'colcon_pkg'
[53.064s] Level 1:colcon.colcon_core.package_identification:_identify(motion_controller) by extensions ['colcon_meta']
[53.064s] Level 1:colcon.colcon_core.package_identification:_identify(motion_controller) by extension 'colcon_meta'
[53.065s] Level 1:colcon.colcon_core.package_identification:_identify(motion_controller) by extensions ['ros']
[53.065s] Level 1:colcon.colcon_core.package_identification:_identify(motion_controller) by extension 'ros'
[53.069s] DEBUG:colcon.colcon_core.package_identification:Package 'motion_controller' with type 'ros.ament_python' and name 'motion_controller'
[53.070s] Level 1:colcon.colcon_core.package_identification:_identify(robot_localization) by extensions ['ignore', 'ignore_ament_install']
[53.071s] Level 1:colcon.colcon_core.package_identification:_identify(robot_localization) by extension 'ignore'
[53.071s] Level 1:colcon.colcon_core.package_identification:_identify(robot_localization) by extension 'ignore_ament_install'
[53.071s] Level 1:colcon.colcon_core.package_identification:_identify(robot_localization) by extensions ['colcon_pkg']
[53.072s] Level 1:colcon.colcon_core.package_identification:_identify(robot_localization) by extension 'colcon_pkg'
[53.072s] Level 1:colcon.colcon_core.package_identification:_identify(robot_localization) by extensions ['colcon_meta']
[53.072s] Level 1:colcon.colcon_core.package_identification:_identify(robot_localization) by extension 'colcon_meta'
[53.072s] Level 1:colcon.colcon_core.package_identification:_identify(robot_localization) by extensions ['ros']
[53.073s] Level 1:colcon.colcon_core.package_identification:_identify(robot_localization) by extension 'ros'
[53.090s] DEBUG:colcon.colcon_core.package_identification:Package 'robot_localization' with type 'ros.ament_cmake' and name 'robot_localization'
[53.091s] Level 1:colcon.colcon_core.package_identification:_identify(yahboomcar_base_node) by extensions ['ignore', 'ignore_ament_install']
[53.092s] Level 1:colcon.colcon_core.package_identification:_identify(yahboomcar_base_node) by extension 'ignore'
[53.092s] Level 1:colcon.colcon_core.package_identification:_identify(yahboomcar_base_node) by extension 'ignore_ament_install'
[53.092s] Level 1:colcon.colcon_core.package_identification:_identify(yahboomcar_base_node) by extensions ['colcon_pkg']
[53.093s] Level 1:colcon.colcon_core.package_identification:_identify(yahboomcar_base_node) by extension 'colcon_pkg'
[53.093s] Level 1:colcon.colcon_core.package_identification:_identify(yahboomcar_base_node) by extensions ['colcon_meta']
[53.093s] Level 1:colcon.colcon_core.package_identification:_identify(yahboomcar_base_node) by extension 'colcon_meta'
[53.094s] Level 1:colcon.colcon_core.package_identification:_identify(yahboomcar_base_node) by extensions ['ros']
[53.094s] Level 1:colcon.colcon_core.package_identification:_identify(yahboomcar_base_node) by extension 'ros'
[53.102s] DEBUG:colcon.colcon_core.package_identification:Package 'yahboomcar_base_node' with type 'ros.ament_cmake' and name 'yahboomcar_base_node'
[53.103s] Level 1:colcon.colcon_core.package_identification:_identify(yahboomcar_bringup) by extensions ['ignore', 'ignore_ament_install']
[53.103s] Level 1:colcon.colcon_core.package_identification:_identify(yahboomcar_bringup) by extension 'ignore'
[53.104s] Level 1:colcon.colcon_core.package_identification:_identify(yahboomcar_bringup) by extension 'ignore_ament_install'
[53.104s] Level 1:colcon.colcon_core.package_identification:_identify(yahboomcar_bringup) by extensions ['colcon_pkg']
[53.104s] Level 1:colcon.colcon_core.package_identification:_identify(yahboomcar_bringup) by extension 'colcon_pkg'
[53.105s] Level 1:colcon.colcon_core.package_identification:_identify(yahboomcar_bringup) by extensions ['colcon_meta']
[53.105s] Level 1:colcon.colcon_core.package_identification:_identify(yahboomcar_bringup) by extension 'colcon_meta'
[53.105s] Level 1:colcon.colcon_core.package_identification:_identify(yahboomcar_bringup) by extensions ['ros']
[53.106s] Level 1:colcon.colcon_core.package_identification:_identify(yahboomcar_bringup) by extension 'ros'
[53.110s] DEBUG:colcon.colcon_core.package_identification:Package 'yahboomcar_bringup' with type 'ros.ament_python' and name 'yahboomcar_bringup'
[53.111s] Level 1:colcon.colcon_core.package_identification:_identify(yahboomcar_ctrl) by extensions ['ignore', 'ignore_ament_install']
[53.112s] Level 1:colcon.colcon_core.package_identification:_identify(yahboomcar_ctrl) by extension 'ignore'
[53.112s] Level 1:colcon.colcon_core.package_identification:_identify(yahboomcar_ctrl) by extension 'ignore_ament_install'
[53.112s] Level 1:colcon.colcon_core.package_identification:_identify(yahboomcar_ctrl) by extensions ['colcon_pkg']
[53.113s] Level 1:colcon.colcon_core.package_identification:_identify(yahboomcar_ctrl) by extension 'colcon_pkg'
[53.113s] Level 1:colcon.colcon_core.package_identification:_identify(yahboomcar_ctrl) by extensions ['colcon_meta']
[53.113s] Level 1:colcon.colcon_core.package_identification:_identify(yahboomcar_ctrl) by extension 'colcon_meta'
[53.114s] Level 1:colcon.colcon_core.package_identification:_identify(yahboomcar_ctrl) by extensions ['ros']
[53.114s] Level 1:colcon.colcon_core.package_identification:_identify(yahboomcar_ctrl) by extension 'ros'
[53.117s] DEBUG:colcon.colcon_core.package_identification:Package 'yahboomcar_ctrl' with type 'ros.ament_python' and name 'yahboomcar_ctrl'
[53.118s] Level 1:colcon.colcon_core.package_identification:_identify(yahboomcar_description) by extensions ['ignore', 'ignore_ament_install']
[53.119s] Level 1:colcon.colcon_core.package_identification:_identify(yahboomcar_description) by extension 'ignore'
[53.119s] Level 1:colcon.colcon_core.package_identification:_identify(yahboomcar_description) by extension 'ignore_ament_install'
[53.119s] Level 1:colcon.colcon_core.package_identification:_identify(yahboomcar_description) by extensions ['colcon_pkg']
[53.120s] Level 1:colcon.colcon_core.package_identification:_identify(yahboomcar_description) by extension 'colcon_pkg'
[53.120s] Level 1:colcon.colcon_core.package_identification:_identify(yahboomcar_description) by extensions ['colcon_meta']
[53.120s] Level 1:colcon.colcon_core.package_identification:_identify(yahboomcar_description) by extension 'colcon_meta'
[53.121s] Level 1:colcon.colcon_core.package_identification:_identify(yahboomcar_description) by extensions ['ros']
[53.121s] Level 1:colcon.colcon_core.package_identification:_identify(yahboomcar_description) by extension 'ros'
[53.124s] DEBUG:colcon.colcon_core.package_identification:Package 'yahboomcar_description' with type 'ros.ament_python' and name 'yahboomcar_description'
[53.125s] Level 1:colcon.colcon_core.package_identification:_identify(ydlidar_ros2_driver) by extensions ['ignore', 'ignore_ament_install']
[53.126s] Level 1:colcon.colcon_core.package_identification:_identify(ydlidar_ros2_driver) by extension 'ignore'
[53.126s] Level 1:colcon.colcon_core.package_identification:_identify(ydlidar_ros2_driver) by extension 'ignore_ament_install'
[53.127s] Level 1:colcon.colcon_core.package_identification:_identify(ydlidar_ros2_driver) by extensions ['colcon_pkg']
[53.127s] Level 1:colcon.colcon_core.package_identification:_identify(ydlidar_ros2_driver) by extension 'colcon_pkg'
[53.127s] Level 1:colcon.colcon_core.package_identification:_identify(ydlidar_ros2_driver) by extensions ['colcon_meta']
[53.127s] Level 1:colcon.colcon_core.package_identification:_identify(ydlidar_ros2_driver) by extension 'colcon_meta'
[53.128s] Level 1:colcon.colcon_core.package_identification:_identify(ydlidar_ros2_driver) by extensions ['ros']
[53.128s] Level 1:colcon.colcon_core.package_identification:_identify(ydlidar_ros2_driver) by extension 'ros'
[53.129s] Level 1:colcon.colcon_core.package_identification:_identify(ydlidar_ros2_driver) by extensions ['cmake', 'python']
[53.129s] Level 1:colcon.colcon_core.package_identification:_identify(ydlidar_ros2_driver) by extension 'cmake'
[53.129s] Level 1:colcon.colcon_core.package_identification:_identify(ydlidar_ros2_driver) by extension 'python'
[53.129s] Level 1:colcon.colcon_core.package_identification:_identify(ydlidar_ros2_driver) by extensions ['python_setup_py']
[53.130s] Level 1:colcon.colcon_core.package_identification:_identify(ydlidar_ros2_driver) by extension 'python_setup_py'
[53.130s] Level 1:colcon.colcon_core.package_discovery:discover_packages(recursive) using defaults
[53.130s] Level 1:colcon.colcon_core.package_discovery:discover_packages(ignore) discover
[53.131s] Level 1:colcon.colcon_core.package_discovery:discover_packages(ignore) using defaults
[53.131s] Level 1:colcon.colcon_core.package_discovery:discover_packages(path) discover
[53.131s] Level 1:colcon.colcon_core.package_discovery:discover_packages(path) using defaults
[56.011s] INFO:colcon.colcon_core.package_selection:Skipping not selected package 'farming_navigation2' in 'farming_navigation2'
[56.012s] INFO:colcon.colcon_core.package_selection:Skipping not selected package 'farming_vision' in 'farming_vision'
[56.012s] INFO:colcon.colcon_core.package_selection:Skipping not selected package 'imu_complementary_filter' in 'imu_tools/imu_complementary_filter'
[56.012s] INFO:colcon.colcon_core.package_selection:Skipping not selected package 'imu_filter_madgwick' in 'imu_tools/imu_filter_madgwick'
[56.012s] INFO:colcon.colcon_core.package_selection:Skipping not selected package 'robot_localization' in 'robot_localization'
[56.013s] INFO:colcon.colcon_core.package_selection:Skipping not selected package 'yahboomcar_base_node' in 'yahboomcar_base_node'
[56.013s] INFO:colcon.colcon_core.package_selection:Skipping not selected package 'yahboomcar_bringup' in 'yahboomcar_bringup'
[56.013s] INFO:colcon.colcon_core.package_selection:Skipping not selected package 'yahboomcar_ctrl' in 'yahboomcar_ctrl'
[56.013s] INFO:colcon.colcon_core.package_selection:Skipping not selected package 'yahboomcar_description' in 'yahboomcar_description'
[56.014s] INFO:colcon.colcon_core.package_selection:Skipping not selected package 'imu_tools' in 'imu_tools/imu_tools'
[57.847s] Level 1:colcon.colcon_core.package_discovery:discover_packages(prefix_path) check parameters
[57.847s] Level 1:colcon.colcon_core.package_discovery:discover_packages(prefix_path) discover
[59.701s] DEBUG:colcon.colcon_installed_package_information.package_discovery:Found 1 installed packages in /root/farming_ws/src/install
[60.626s] DEBUG:colcon.colcon_installed_package_information.package_discovery:Found 12 installed packages in /root/farming_ws/install
[61.626s] DEBUG:colcon.colcon_installed_package_information.package_discovery:Found 22 installed packages in /root/catkin_ws/install
[62.559s] DEBUG:colcon.colcon_installed_package_information.package_discovery:Found 22 installed packages in /userdata/dev_ws/install
[63.530s] DEBUG:colcon.colcon_installed_package_information.package_discovery:Found 331 installed packages in /opt/tros
[64.484s] DEBUG:colcon.colcon_installed_package_information.package_discovery:Found 314 installed packages in /opt/ros/foxy
[64.554s] Level 1:colcon.colcon_core.package_discovery:discover_packages(prefix_path) using defaults
[67.205s] Level 5:colcon.colcon_core.verb:set package 'motion_controller' build argument 'cmake_args' from command line to 'None'
[67.205s] Level 5:colcon.colcon_core.verb:set package 'motion_controller' build argument 'cmake_target' from command line to 'None'
[67.205s] Level 5:colcon.colcon_core.verb:set package 'motion_controller' build argument 'cmake_target_skip_unavailable' from command line to 'False'
[67.205s] Level 5:colcon.colcon_core.verb:set package 'motion_controller' build argument 'cmake_clean_cache' from command line to 'False'
[67.206s] Level 5:colcon.colcon_core.verb:set package 'motion_controller' build argument 'cmake_clean_first' from command line to 'False'
[67.206s] Level 5:colcon.colcon_core.verb:set package 'motion_controller' build argument 'cmake_force_configure' from command line to 'False'
[67.206s] Level 5:colcon.colcon_core.verb:set package 'motion_controller' build argument 'ament_cmake_args' from command line to 'None'
[67.206s] Level 5:colcon.colcon_core.verb:set package 'motion_controller' build argument 'catkin_cmake_args' from command line to 'None'
[67.206s] Level 5:colcon.colcon_core.verb:set package 'motion_controller' build argument 'catkin_skip_building_tests' from command line to 'False'
[67.207s] DEBUG:colcon.colcon_core.verb:Building package 'motion_controller' with the following arguments: {'ament_cmake_args': None, 'build_base': '/root/farming_ws/src/build/motion_controller', 'catkin_cmake_args': None, 'catkin_skip_building_tests': False, 'cmake_args': None, 'cmake_clean_cache': False, 'cmake_clean_first': False, 'cmake_force_configure': False, 'cmake_target': None, 'cmake_target_skip_unavailable': False, 'install_base': '/root/farming_ws/src/install/motion_controller', 'merge_install': False, 'path': '/root/farming_ws/src/motion_controller', 'symlink_install': False, 'test_result_base': None}
[68.129s] INFO:colcon.colcon_core.executor:Executing jobs using 'parallel' executor
[69.056s] DEBUG:colcon.colcon_parallel_executor.executor.parallel:run_until_complete
[69.058s] INFO:colcon.colcon_ros.task.ament_python.build:Building ROS package in '/root/farming_ws/src/motion_controller' with build type 'ament_python'
[69.059s] Level 1:colcon.colcon_core.shell:create_environment_hook('motion_controller', 'ament_prefix_path')
[70.021s] INFO:colcon.colcon_core.plugin_system:Skipping extension 'colcon_core.shell.bat': Not used on non-Windows systems
[70.023s] INFO:colcon.colcon_core.shell:Creating environment hook '/root/farming_ws/src/install/motion_controller/share/motion_controller/hook/ament_prefix_path.ps1'
[70.027s] INFO:colcon.colcon_core.shell:Creating environment descriptor '/root/farming_ws/src/install/motion_controller/share/motion_controller/hook/ament_prefix_path.dsv'
[70.030s] INFO:colcon.colcon_core.shell:Creating environment hook '/root/farming_ws/src/install/motion_controller/share/motion_controller/hook/ament_prefix_path.sh'
[70.978s] INFO:colcon.colcon_core.shell:Skip shell extension 'powershell' for command environment: Not usable outside of PowerShell
[70.978s] DEBUG:colcon.colcon_core.shell:Skip shell extension 'dsv' for command environment
[79.815s] INFO:colcon.colcon_core.task.python.build:Building Python package in '/root/farming_ws/src/motion_controller'
[80.769s] INFO:colcon.colcon_core.shell:Skip shell extension 'powershell' for command environment: Not usable outside of PowerShell
[80.770s] DEBUG:colcon.colcon_core.shell:Skip shell extension 'dsv' for command environment
[90.685s] DEBUG:colcon.colcon_core.event_handler.log_command:Invoking command in '/root/farming_ws/src/motion_controller': PYTHONPATH=/root/farming_ws/src/build/motion_controller/prefix_override:/root/farming_ws/src/install/motion_controller/lib/python3.8/site-packages:${PYTHONPATH} /usr/bin/python3 setup.py egg_info --egg-base ../build/motion_controller build --build-base /root/farming_ws/src/build/motion_controller/build install --record /root/farming_ws/src/build/motion_controller/install.log --install-scripts $base/lib/motion_controller --single-version-externally-managed
[93.238s] DEBUG:colcon.colcon_core.event_handler.log_command:Invoked command in '/root/farming_ws/src/motion_controller' returned '0': PYTHONPATH=/root/farming_ws/src/build/motion_controller/prefix_override:/root/farming_ws/src/install/motion_controller/lib/python3.8/site-packages:${PYTHONPATH} /usr/bin/python3 setup.py egg_info --egg-base ../build/motion_controller build --build-base /root/farming_ws/src/build/motion_controller/build install --record /root/farming_ws/src/build/motion_controller/install.log --install-scripts $base/lib/motion_controller --single-version-externally-managed
[94.207s] Level 1:colcon.colcon_core.environment:checking '/root/farming_ws/src/install/motion_controller' for CMake module files
[94.210s] Level 1:colcon.colcon_core.environment:checking '/root/farming_ws/src/install/motion_controller' for CMake config files
[94.213s] Level 1:colcon.colcon_core.environment:checking '/root/farming_ws/src/install/motion_controller/lib'
[94.215s] Level 1:colcon.colcon_core.environment:checking '/root/farming_ws/src/install/motion_controller/bin'
[94.215s] Level 1:colcon.colcon_core.environment:checking '/root/farming_ws/src/install/motion_controller/lib/pkgconfig/motion_controller.pc'
[94.217s] Level 1:colcon.colcon_core.environment:checking '/root/farming_ws/src/install/motion_controller/lib/python3.8/site-packages'
[94.217s] Level 1:colcon.colcon_core.shell:create_environment_hook('motion_controller', 'pythonpath')
[95.161s] INFO:colcon.colcon_core.shell:Creating environment hook '/root/farming_ws/src/install/motion_controller/share/motion_controller/hook/pythonpath.ps1'
[95.164s] INFO:colcon.colcon_core.shell:Creating environment descriptor '/root/farming_ws/src/install/motion_controller/share/motion_controller/hook/pythonpath.dsv'
[95.166s] INFO:colcon.colcon_core.shell:Creating environment hook '/root/farming_ws/src/install/motion_controller/share/motion_controller/hook/pythonpath.sh'
[95.169s] Level 1:colcon.colcon_core.environment:checking '/root/farming_ws/src/install/motion_controller/bin'
[95.170s] Level 1:colcon.colcon_core.environment:create_environment_scripts_only(motion_controller)
[96.119s] INFO:colcon.colcon_core.shell:Creating package script '/root/farming_ws/src/install/motion_controller/share/motion_controller/package.ps1'
[96.125s] INFO:colcon.colcon_core.shell:Creating package descriptor '/root/farming_ws/src/install/motion_controller/share/motion_controller/package.dsv'
[96.129s] INFO:colcon.colcon_core.shell:Creating package script '/root/farming_ws/src/install/motion_controller/share/motion_controller/package.sh'
[96.135s] INFO:colcon.colcon_core.shell:Creating package script '/root/farming_ws/src/install/motion_controller/share/motion_controller/package.bash'
[96.140s] INFO:colcon.colcon_core.shell:Creating package script '/root/farming_ws/src/install/motion_controller/share/motion_controller/package.zsh'
[96.146s] Level 1:colcon.colcon_core.environment:create_file_with_runtime_dependencies(/root/farming_ws/src/install/motion_controller/share/colcon-core/packages/motion_controller)
[96.148s] DEBUG:colcon.colcon_parallel_executor.executor.parallel:closing loop
[96.150s] DEBUG:colcon.colcon_parallel_executor.executor.parallel:loop closed
[96.151s] DEBUG:colcon.colcon_parallel_executor.executor.parallel:run_until_complete finished with '0'
[96.151s] DEBUG:colcon.colcon_core.event_reactor:joining thread
[97.119s] INFO:colcon.colcon_core.plugin_system:Skipping extension 'colcon_notification.desktop_notification.notify_send': Could not find 'notify-send'
[97.120s] INFO:colcon.colcon_core.plugin_system:Skipping extension 'colcon_notification.desktop_notification.terminal_notifier': Not used on non-Darwin systems
[97.121s] INFO:colcon.colcon_core.plugin_system:Skipping extension 'colcon_notification.desktop_notification.win32': Not used on non-Windows systems
[97.121s] INFO:colcon.colcon_notification.desktop_notification:Sending desktop notification using 'notify2'
[97.124s] DEBUG:colcon.colcon_notification.desktop_notification.notify2:Failed to initialize notify2: org.freedesktop.DBus.Error.ServiceUnknown: The name org.freedesktop.Notifications was not provided by any .service files
[97.124s] DEBUG:colcon.colcon_core.event_reactor:joined thread
[98.058s] INFO:colcon.colcon_core.shell:Creating prefix script '/root/farming_ws/src/install/local_setup.ps1'
[98.065s] INFO:colcon.colcon_core.shell:Creating prefix util module '/root/farming_ws/src/install/_local_setup_util_ps1.py'
[98.076s] INFO:colcon.colcon_core.shell:Creating prefix chain script '/root/farming_ws/src/install/setup.ps1'
[99.026s] INFO:colcon.colcon_core.shell:Creating prefix script '/root/farming_ws/src/install/local_setup.sh'
[99.032s] INFO:colcon.colcon_core.shell:Creating prefix util module '/root/farming_ws/src/install/_local_setup_util_sh.py'
[99.036s] INFO:colcon.colcon_core.shell:Creating prefix chain script '/root/farming_ws/src/install/setup.sh'
[99.986s] INFO:colcon.colcon_core.shell:Creating prefix script '/root/farming_ws/src/install/local_setup.bash'
[99.990s] INFO:colcon.colcon_core.shell:Creating prefix chain script '/root/farming_ws/src/install/setup.bash'
[100.939s] INFO:colcon.colcon_core.shell:Creating prefix script '/root/farming_ws/src/install/local_setup.zsh'
[100.943s] INFO:colcon.colcon_core.shell:Creating prefix chain script '/root/farming_ws/src/install/setup.zsh'
