[50.048s] DEBUG:colcon:Command line arguments: ['/usr/local/bin/colcon', 'build', '--packages-select', 'motion_controller']
[50.049s] DEBUG:colcon:Parsed command line arguments: Namespace(allow_overriding=[], ament_cmake_args=None, base_paths=['.'], build_base='build', catkin_cmake_args=None, catkin_skip_building_tests=False, cmake_args=None, cmake_clean_cache=False, cmake_clean_first=False, cmake_force_configure=False, cmake_target=None, cmake_target_skip_unavailable=False, continue_on_error=False, event_handlers=None, executor='parallel', ignore_user_meta=False, install_base='install', log_base=None, log_level=None, main=<bound method BuildVerb.main of <colcon_core.verb.build.BuildVerb object at 0x7fb555d820>>, merge_install=False, metas=['./colcon.meta'], packages_above=None, packages_above_and_dependencies=None, packages_above_depth=None, packages_end=None, packages_ignore=None, packages_ignore_regex=None, packages_select=['motion_controller'], packages_select_build_failed=False, packages_select_by_dep=None, packages_select_regex=None, packages_select_test_failures=False, packages_skip=None, packages_skip_build_finished=False, packages_skip_by_dep=None, packages_skip_regex=None, packages_skip_test_passed=False, packages_skip_up_to=None, packages_start=None, packages_up_to=None, packages_up_to_regex=None, parallel_workers=4, paths=None, symlink_install=False, test_result_base=None, verb_extension=<colcon_core.verb.build.BuildVerb object at 0x7fb555d820>, verb_name='build', verb_parser=<colcon_defaults.argument_parser.defaults.DefaultArgumentsDecorator object at 0x7fb53114f0>)
[53.203s] Level 1:colcon.colcon_core.package_discovery:discover_packages(colcon_meta) check parameters
[53.204s] Level 1:colcon.colcon_core.package_discovery:discover_packages(recursive) check parameters
[53.204s] Level 1:colcon.colcon_core.package_discovery:discover_packages(ignore) check parameters
[53.204s] Level 1:colcon.colcon_core.package_discovery:discover_packages(path) check parameters
[53.204s] Level 1:colcon.colcon_core.package_discovery:discover_packages(colcon_meta) discover
[53.205s] Level 1:colcon.colcon_core.package_discovery:discover_packages(recursive) discover
[53.205s] INFO:colcon.colcon_core.package_discovery:Crawling recursively for packages in '/root/farming_ws/src'
[53.206s] Level 1:colcon.colcon_core.package_identification:_identify(.) by extensions ['ignore', 'ignore_ament_install']
[53.206s] Level 1:colcon.colcon_core.package_identification:_identify(.) by extension 'ignore'
[53.207s] Level 1:colcon.colcon_core.package_identification:_identify(.) by extension 'ignore_ament_install'
[53.207s] Level 1:colcon.colcon_core.package_identification:_identify(.) by extensions ['colcon_pkg']
[53.208s] Level 1:colcon.colcon_core.package_identification:_identify(.) by extension 'colcon_pkg'
[53.208s] Level 1:colcon.colcon_core.package_identification:_identify(.) by extensions ['colcon_meta']
[53.208s] Level 1:colcon.colcon_core.package_identification:_identify(.) by extension 'colcon_meta'
[53.208s] Level 1:colcon.colcon_core.package_identification:_identify(.) by extensions ['ros']
[53.209s] Level 1:colcon.colcon_core.package_identification:_identify(.) by extension 'ros'
[53.377s] Level 1:colcon.colcon_core.package_identification:_identify(.) by extensions ['cmake', 'python']
[53.378s] Level 1:colcon.colcon_core.package_identification:_identify(.) by extension 'cmake'
[53.378s] Level 1:colcon.colcon_core.package_identification:_identify(.) by extension 'python'
[53.379s] Level 1:colcon.colcon_core.package_identification:_identify(.) by extensions ['python_setup_py']
[53.379s] Level 1:colcon.colcon_core.package_identification:_identify(.) by extension 'python_setup_py'
[53.380s] Level 1:colcon.colcon_core.package_identification:_identify(build) by extensions ['ignore', 'ignore_ament_install']
[53.380s] Level 1:colcon.colcon_core.package_identification:_identify(build) by extension 'ignore'
[53.381s] Level 1:colcon.colcon_core.package_identification:_identify(build) ignored
[53.381s] Level 1:colcon.colcon_core.package_identification:_identify(farming_navigation2) by extensions ['ignore', 'ignore_ament_install']
[53.382s] Level 1:colcon.colcon_core.package_identification:_identify(farming_navigation2) by extension 'ignore'
[53.383s] Level 1:colcon.colcon_core.package_identification:_identify(farming_navigation2) by extension 'ignore_ament_install'
[53.383s] Level 1:colcon.colcon_core.package_identification:_identify(farming_navigation2) by extensions ['colcon_pkg']
[53.383s] Level 1:colcon.colcon_core.package_identification:_identify(farming_navigation2) by extension 'colcon_pkg'
[53.384s] Level 1:colcon.colcon_core.package_identification:_identify(farming_navigation2) by extensions ['colcon_meta']
[53.384s] Level 1:colcon.colcon_core.package_identification:_identify(farming_navigation2) by extension 'colcon_meta'
[53.384s] Level 1:colcon.colcon_core.package_identification:_identify(farming_navigation2) by extensions ['ros']
[53.384s] Level 1:colcon.colcon_core.package_identification:_identify(farming_navigation2) by extension 'ros'
[53.402s] DEBUG:colcon.colcon_core.package_identification:Package 'farming_navigation2' with type 'ros.ament_python' and name 'farming_navigation2'
[53.403s] Level 1:colcon.colcon_core.package_identification:_identify(farming_vision) by extensions ['ignore', 'ignore_ament_install']
[53.404s] Level 1:colcon.colcon_core.package_identification:_identify(farming_vision) by extension 'ignore'
[53.404s] Level 1:colcon.colcon_core.package_identification:_identify(farming_vision) by extension 'ignore_ament_install'
[53.405s] Level 1:colcon.colcon_core.package_identification:_identify(farming_vision) by extensions ['colcon_pkg']
[53.405s] Level 1:colcon.colcon_core.package_identification:_identify(farming_vision) by extension 'colcon_pkg'
[53.405s] Level 1:colcon.colcon_core.package_identification:_identify(farming_vision) by extensions ['colcon_meta']
[53.406s] Level 1:colcon.colcon_core.package_identification:_identify(farming_vision) by extension 'colcon_meta'
[53.406s] Level 1:colcon.colcon_core.package_identification:_identify(farming_vision) by extensions ['ros']
[53.406s] Level 1:colcon.colcon_core.package_identification:_identify(farming_vision) by extension 'ros'
[53.411s] DEBUG:colcon.colcon_core.package_identification:Package 'farming_vision' with type 'ros.ament_python' and name 'farming_vision'
[53.412s] Level 1:colcon.colcon_core.package_identification:_identify(imu_tools) by extensions ['ignore', 'ignore_ament_install']
[53.412s] Level 1:colcon.colcon_core.package_identification:_identify(imu_tools) by extension 'ignore'
[53.413s] Level 1:colcon.colcon_core.package_identification:_identify(imu_tools) by extension 'ignore_ament_install'
[53.413s] Level 1:colcon.colcon_core.package_identification:_identify(imu_tools) by extensions ['colcon_pkg']
[53.413s] Level 1:colcon.colcon_core.package_identification:_identify(imu_tools) by extension 'colcon_pkg'
[53.414s] Level 1:colcon.colcon_core.package_identification:_identify(imu_tools) by extensions ['colcon_meta']
[53.414s] Level 1:colcon.colcon_core.package_identification:_identify(imu_tools) by extension 'colcon_meta'
[53.415s] Level 1:colcon.colcon_core.package_identification:_identify(imu_tools) by extensions ['ros']
[53.415s] Level 1:colcon.colcon_core.package_identification:_identify(imu_tools) by extension 'ros'
[53.415s] Level 1:colcon.colcon_core.package_identification:_identify(imu_tools) by extensions ['cmake', 'python']
[53.416s] Level 1:colcon.colcon_core.package_identification:_identify(imu_tools) by extension 'cmake'
[53.416s] Level 1:colcon.colcon_core.package_identification:_identify(imu_tools) by extension 'python'
[53.416s] Level 1:colcon.colcon_core.package_identification:_identify(imu_tools) by extensions ['python_setup_py']
[53.416s] Level 1:colcon.colcon_core.package_identification:_identify(imu_tools) by extension 'python_setup_py'
[53.417s] Level 1:colcon.colcon_core.package_identification:_identify(imu_tools/imu_complementary_filter) by extensions ['ignore', 'ignore_ament_install']
[53.418s] Level 1:colcon.colcon_core.package_identification:_identify(imu_tools/imu_complementary_filter) by extension 'ignore'
[53.418s] Level 1:colcon.colcon_core.package_identification:_identify(imu_tools/imu_complementary_filter) by extension 'ignore_ament_install'
[53.419s] Level 1:colcon.colcon_core.package_identification:_identify(imu_tools/imu_complementary_filter) by extensions ['colcon_pkg']
[53.419s] Level 1:colcon.colcon_core.package_identification:_identify(imu_tools/imu_complementary_filter) by extension 'colcon_pkg'
[53.419s] Level 1:colcon.colcon_core.package_identification:_identify(imu_tools/imu_complementary_filter) by extensions ['colcon_meta']
[53.420s] Level 1:colcon.colcon_core.package_identification:_identify(imu_tools/imu_complementary_filter) by extension 'colcon_meta'
[53.420s] Level 1:colcon.colcon_core.package_identification:_identify(imu_tools/imu_complementary_filter) by extensions ['ros']
[53.420s] Level 1:colcon.colcon_core.package_identification:_identify(imu_tools/imu_complementary_filter) by extension 'ros'
[53.424s] DEBUG:colcon.colcon_core.package_identification:Package 'imu_tools/imu_complementary_filter' with type 'ros.ament_cmake' and name 'imu_complementary_filter'
[53.425s] Level 1:colcon.colcon_core.package_identification:_identify(imu_tools/imu_filter_madgwick) by extensions ['ignore', 'ignore_ament_install']
[53.426s] Level 1:colcon.colcon_core.package_identification:_identify(imu_tools/imu_filter_madgwick) by extension 'ignore'
[53.427s] Level 1:colcon.colcon_core.package_identification:_identify(imu_tools/imu_filter_madgwick) by extension 'ignore_ament_install'
[53.427s] Level 1:colcon.colcon_core.package_identification:_identify(imu_tools/imu_filter_madgwick) by extensions ['colcon_pkg']
[53.427s] Level 1:colcon.colcon_core.package_identification:_identify(imu_tools/imu_filter_madgwick) by extension 'colcon_pkg'
[53.428s] Level 1:colcon.colcon_core.package_identification:_identify(imu_tools/imu_filter_madgwick) by extensions ['colcon_meta']
[53.428s] Level 1:colcon.colcon_core.package_identification:_identify(imu_tools/imu_filter_madgwick) by extension 'colcon_meta'
[53.428s] Level 1:colcon.colcon_core.package_identification:_identify(imu_tools/imu_filter_madgwick) by extensions ['ros']
[53.428s] Level 1:colcon.colcon_core.package_identification:_identify(imu_tools/imu_filter_madgwick) by extension 'ros'
[53.440s] DEBUG:colcon.colcon_core.package_identification:Package 'imu_tools/imu_filter_madgwick' with type 'ros.ament_cmake' and name 'imu_filter_madgwick'
[53.441s] Level 1:colcon.colcon_core.package_identification:_identify(imu_tools/imu_tools) by extensions ['ignore', 'ignore_ament_install']
[53.441s] Level 1:colcon.colcon_core.package_identification:_identify(imu_tools/imu_tools) by extension 'ignore'
[53.442s] Level 1:colcon.colcon_core.package_identification:_identify(imu_tools/imu_tools) by extension 'ignore_ament_install'
[53.442s] Level 1:colcon.colcon_core.package_identification:_identify(imu_tools/imu_tools) by extensions ['colcon_pkg']
[53.442s] Level 1:colcon.colcon_core.package_identification:_identify(imu_tools/imu_tools) by extension 'colcon_pkg'
[53.443s] Level 1:colcon.colcon_core.package_identification:_identify(imu_tools/imu_tools) by extensions ['colcon_meta']
[53.443s] Level 1:colcon.colcon_core.package_identification:_identify(imu_tools/imu_tools) by extension 'colcon_meta'
[53.443s] Level 1:colcon.colcon_core.package_identification:_identify(imu_tools/imu_tools) by extensions ['ros']
[53.444s] Level 1:colcon.colcon_core.package_identification:_identify(imu_tools/imu_tools) by extension 'ros'
[53.447s] DEBUG:colcon.colcon_core.package_identification:Package 'imu_tools/imu_tools' with type 'ros.ament_cmake' and name 'imu_tools'
[53.448s] Level 1:colcon.colcon_core.package_identification:_identify(install) by extensions ['ignore', 'ignore_ament_install']
[53.449s] Level 1:colcon.colcon_core.package_identification:_identify(install) by extension 'ignore'
[53.449s] Level 1:colcon.colcon_core.package_identification:_identify(install) ignored
[53.450s] Level 1:colcon.colcon_core.package_identification:_identify(log) by extensions ['ignore', 'ignore_ament_install']
[53.450s] Level 1:colcon.colcon_core.package_identification:_identify(log) by extension 'ignore'
[53.451s] Level 1:colcon.colcon_core.package_identification:_identify(log) ignored
[53.451s] Level 1:colcon.colcon_core.package_identification:_identify(motion_controller) by extensions ['ignore', 'ignore_ament_install']
[53.452s] Level 1:colcon.colcon_core.package_identification:_identify(motion_controller) by extension 'ignore'
[53.452s] Level 1:colcon.colcon_core.package_identification:_identify(motion_controller) by extension 'ignore_ament_install'
[53.453s] Level 1:colcon.colcon_core.package_identification:_identify(motion_controller) by extensions ['colcon_pkg']
[53.453s] Level 1:colcon.colcon_core.package_identification:_identify(motion_controller) by extension 'colcon_pkg'
[53.453s] Level 1:colcon.colcon_core.package_identification:_identify(motion_controller) by extensions ['colcon_meta']
[53.453s] Level 1:colcon.colcon_core.package_identification:_identify(motion_controller) by extension 'colcon_meta'
[53.454s] Level 1:colcon.colcon_core.package_identification:_identify(motion_controller) by extensions ['ros']
[53.454s] Level 1:colcon.colcon_core.package_identification:_identify(motion_controller) by extension 'ros'
[53.458s] DEBUG:colcon.colcon_core.package_identification:Package 'motion_controller' with type 'ros.ament_python' and name 'motion_controller'
[53.459s] Level 1:colcon.colcon_core.package_identification:_identify(robot_localization) by extensions ['ignore', 'ignore_ament_install']
[53.460s] Level 1:colcon.colcon_core.package_identification:_identify(robot_localization) by extension 'ignore'
[53.460s] Level 1:colcon.colcon_core.package_identification:_identify(robot_localization) by extension 'ignore_ament_install'
[53.460s] Level 1:colcon.colcon_core.package_identification:_identify(robot_localization) by extensions ['colcon_pkg']
[53.461s] Level 1:colcon.colcon_core.package_identification:_identify(robot_localization) by extension 'colcon_pkg'
[53.461s] Level 1:colcon.colcon_core.package_identification:_identify(robot_localization) by extensions ['colcon_meta']
[53.461s] Level 1:colcon.colcon_core.package_identification:_identify(robot_localization) by extension 'colcon_meta'
[53.462s] Level 1:colcon.colcon_core.package_identification:_identify(robot_localization) by extensions ['ros']
[53.462s] Level 1:colcon.colcon_core.package_identification:_identify(robot_localization) by extension 'ros'
[53.479s] DEBUG:colcon.colcon_core.package_identification:Package 'robot_localization' with type 'ros.ament_cmake' and name 'robot_localization'
[53.480s] Level 1:colcon.colcon_core.package_identification:_identify(yahboomcar_base_node) by extensions ['ignore', 'ignore_ament_install']
[53.481s] Level 1:colcon.colcon_core.package_identification:_identify(yahboomcar_base_node) by extension 'ignore'
[53.481s] Level 1:colcon.colcon_core.package_identification:_identify(yahboomcar_base_node) by extension 'ignore_ament_install'
[53.482s] Level 1:colcon.colcon_core.package_identification:_identify(yahboomcar_base_node) by extensions ['colcon_pkg']
[53.482s] Level 1:colcon.colcon_core.package_identification:_identify(yahboomcar_base_node) by extension 'colcon_pkg'
[53.482s] Level 1:colcon.colcon_core.package_identification:_identify(yahboomcar_base_node) by extensions ['colcon_meta']
[53.483s] Level 1:colcon.colcon_core.package_identification:_identify(yahboomcar_base_node) by extension 'colcon_meta'
[53.483s] Level 1:colcon.colcon_core.package_identification:_identify(yahboomcar_base_node) by extensions ['ros']
[53.483s] Level 1:colcon.colcon_core.package_identification:_identify(yahboomcar_base_node) by extension 'ros'
[53.491s] DEBUG:colcon.colcon_core.package_identification:Package 'yahboomcar_base_node' with type 'ros.ament_cmake' and name 'yahboomcar_base_node'
[53.492s] Level 1:colcon.colcon_core.package_identification:_identify(yahboomcar_bringup) by extensions ['ignore', 'ignore_ament_install']
[53.493s] Level 1:colcon.colcon_core.package_identification:_identify(yahboomcar_bringup) by extension 'ignore'
[53.493s] Level 1:colcon.colcon_core.package_identification:_identify(yahboomcar_bringup) by extension 'ignore_ament_install'
[53.493s] Level 1:colcon.colcon_core.package_identification:_identify(yahboomcar_bringup) by extensions ['colcon_pkg']
[53.494s] Level 1:colcon.colcon_core.package_identification:_identify(yahboomcar_bringup) by extension 'colcon_pkg'
[53.494s] Level 1:colcon.colcon_core.package_identification:_identify(yahboomcar_bringup) by extensions ['colcon_meta']
[53.494s] Level 1:colcon.colcon_core.package_identification:_identify(yahboomcar_bringup) by extension 'colcon_meta'
[53.495s] Level 1:colcon.colcon_core.package_identification:_identify(yahboomcar_bringup) by extensions ['ros']
[53.495s] Level 1:colcon.colcon_core.package_identification:_identify(yahboomcar_bringup) by extension 'ros'
[53.499s] DEBUG:colcon.colcon_core.package_identification:Package 'yahboomcar_bringup' with type 'ros.ament_python' and name 'yahboomcar_bringup'
[53.500s] Level 1:colcon.colcon_core.package_identification:_identify(yahboomcar_ctrl) by extensions ['ignore', 'ignore_ament_install']
[53.501s] Level 1:colcon.colcon_core.package_identification:_identify(yahboomcar_ctrl) by extension 'ignore'
[53.501s] Level 1:colcon.colcon_core.package_identification:_identify(yahboomcar_ctrl) by extension 'ignore_ament_install'
[53.502s] Level 1:colcon.colcon_core.package_identification:_identify(yahboomcar_ctrl) by extensions ['colcon_pkg']
[53.502s] Level 1:colcon.colcon_core.package_identification:_identify(yahboomcar_ctrl) by extension 'colcon_pkg'
[53.502s] Level 1:colcon.colcon_core.package_identification:_identify(yahboomcar_ctrl) by extensions ['colcon_meta']
[53.503s] Level 1:colcon.colcon_core.package_identification:_identify(yahboomcar_ctrl) by extension 'colcon_meta'
[53.503s] Level 1:colcon.colcon_core.package_identification:_identify(yahboomcar_ctrl) by extensions ['ros']
[53.503s] Level 1:colcon.colcon_core.package_identification:_identify(yahboomcar_ctrl) by extension 'ros'
[53.506s] DEBUG:colcon.colcon_core.package_identification:Package 'yahboomcar_ctrl' with type 'ros.ament_python' and name 'yahboomcar_ctrl'
[53.507s] Level 1:colcon.colcon_core.package_identification:_identify(yahboomcar_description) by extensions ['ignore', 'ignore_ament_install']
[53.508s] Level 1:colcon.colcon_core.package_identification:_identify(yahboomcar_description) by extension 'ignore'
[53.508s] Level 1:colcon.colcon_core.package_identification:_identify(yahboomcar_description) by extension 'ignore_ament_install'
[53.509s] Level 1:colcon.colcon_core.package_identification:_identify(yahboomcar_description) by extensions ['colcon_pkg']
[53.509s] Level 1:colcon.colcon_core.package_identification:_identify(yahboomcar_description) by extension 'colcon_pkg'
[53.509s] Level 1:colcon.colcon_core.package_identification:_identify(yahboomcar_description) by extensions ['colcon_meta']
[53.510s] Level 1:colcon.colcon_core.package_identification:_identify(yahboomcar_description) by extension 'colcon_meta'
[53.510s] Level 1:colcon.colcon_core.package_identification:_identify(yahboomcar_description) by extensions ['ros']
[53.510s] Level 1:colcon.colcon_core.package_identification:_identify(yahboomcar_description) by extension 'ros'
[53.514s] DEBUG:colcon.colcon_core.package_identification:Package 'yahboomcar_description' with type 'ros.ament_python' and name 'yahboomcar_description'
[53.514s] Level 1:colcon.colcon_core.package_identification:_identify(ydlidar_ros2_driver) by extensions ['ignore', 'ignore_ament_install']
[53.515s] Level 1:colcon.colcon_core.package_identification:_identify(ydlidar_ros2_driver) by extension 'ignore'
[53.515s] Level 1:colcon.colcon_core.package_identification:_identify(ydlidar_ros2_driver) by extension 'ignore_ament_install'
[53.516s] Level 1:colcon.colcon_core.package_identification:_identify(ydlidar_ros2_driver) by extensions ['colcon_pkg']
[53.516s] Level 1:colcon.colcon_core.package_identification:_identify(ydlidar_ros2_driver) by extension 'colcon_pkg'
[53.516s] Level 1:colcon.colcon_core.package_identification:_identify(ydlidar_ros2_driver) by extensions ['colcon_meta']
[53.517s] Level 1:colcon.colcon_core.package_identification:_identify(ydlidar_ros2_driver) by extension 'colcon_meta'
[53.517s] Level 1:colcon.colcon_core.package_identification:_identify(ydlidar_ros2_driver) by extensions ['ros']
[53.517s] Level 1:colcon.colcon_core.package_identification:_identify(ydlidar_ros2_driver) by extension 'ros'
[53.518s] Level 1:colcon.colcon_core.package_identification:_identify(ydlidar_ros2_driver) by extensions ['cmake', 'python']
[53.518s] Level 1:colcon.colcon_core.package_identification:_identify(ydlidar_ros2_driver) by extension 'cmake'
[53.518s] Level 1:colcon.colcon_core.package_identification:_identify(ydlidar_ros2_driver) by extension 'python'
[53.519s] Level 1:colcon.colcon_core.package_identification:_identify(ydlidar_ros2_driver) by extensions ['python_setup_py']
[53.519s] Level 1:colcon.colcon_core.package_identification:_identify(ydlidar_ros2_driver) by extension 'python_setup_py'
[53.519s] Level 1:colcon.colcon_core.package_discovery:discover_packages(recursive) using defaults
[53.520s] Level 1:colcon.colcon_core.package_discovery:discover_packages(ignore) discover
[53.520s] Level 1:colcon.colcon_core.package_discovery:discover_packages(ignore) using defaults
[53.520s] Level 1:colcon.colcon_core.package_discovery:discover_packages(path) discover
[53.520s] Level 1:colcon.colcon_core.package_discovery:discover_packages(path) using defaults
[56.432s] INFO:colcon.colcon_core.package_selection:Skipping not selected package 'farming_navigation2' in 'farming_navigation2'
[56.433s] INFO:colcon.colcon_core.package_selection:Skipping not selected package 'farming_vision' in 'farming_vision'
[56.433s] INFO:colcon.colcon_core.package_selection:Skipping not selected package 'imu_complementary_filter' in 'imu_tools/imu_complementary_filter'
[56.433s] INFO:colcon.colcon_core.package_selection:Skipping not selected package 'imu_filter_madgwick' in 'imu_tools/imu_filter_madgwick'
[56.433s] INFO:colcon.colcon_core.package_selection:Skipping not selected package 'robot_localization' in 'robot_localization'
[56.433s] INFO:colcon.colcon_core.package_selection:Skipping not selected package 'yahboomcar_base_node' in 'yahboomcar_base_node'
[56.434s] INFO:colcon.colcon_core.package_selection:Skipping not selected package 'yahboomcar_bringup' in 'yahboomcar_bringup'
[56.434s] INFO:colcon.colcon_core.package_selection:Skipping not selected package 'yahboomcar_ctrl' in 'yahboomcar_ctrl'
[56.434s] INFO:colcon.colcon_core.package_selection:Skipping not selected package 'yahboomcar_description' in 'yahboomcar_description'
[56.434s] INFO:colcon.colcon_core.package_selection:Skipping not selected package 'imu_tools' in 'imu_tools/imu_tools'
[58.292s] Level 1:colcon.colcon_core.package_discovery:discover_packages(prefix_path) check parameters
[58.292s] Level 1:colcon.colcon_core.package_discovery:discover_packages(prefix_path) discover
[60.162s] DEBUG:colcon.colcon_installed_package_information.package_discovery:Found 2 installed packages in /root/farming_ws/src/install
[61.094s] DEBUG:colcon.colcon_installed_package_information.package_discovery:Found 12 installed packages in /root/farming_ws/install
[62.106s] DEBUG:colcon.colcon_installed_package_information.package_discovery:Found 22 installed packages in /root/catkin_ws/install
[63.047s] DEBUG:colcon.colcon_installed_package_information.package_discovery:Found 22 installed packages in /userdata/dev_ws/install
[64.029s] DEBUG:colcon.colcon_installed_package_information.package_discovery:Found 331 installed packages in /opt/tros
[64.999s] DEBUG:colcon.colcon_installed_package_information.package_discovery:Found 314 installed packages in /opt/ros/foxy
[65.070s] Level 1:colcon.colcon_core.package_discovery:discover_packages(prefix_path) using defaults
[67.737s] Level 5:colcon.colcon_core.verb:set package 'motion_controller' build argument 'cmake_args' from command line to 'None'
[67.737s] Level 5:colcon.colcon_core.verb:set package 'motion_controller' build argument 'cmake_target' from command line to 'None'
[67.738s] Level 5:colcon.colcon_core.verb:set package 'motion_controller' build argument 'cmake_target_skip_unavailable' from command line to 'False'
[67.738s] Level 5:colcon.colcon_core.verb:set package 'motion_controller' build argument 'cmake_clean_cache' from command line to 'False'
[67.738s] Level 5:colcon.colcon_core.verb:set package 'motion_controller' build argument 'cmake_clean_first' from command line to 'False'
[67.738s] Level 5:colcon.colcon_core.verb:set package 'motion_controller' build argument 'cmake_force_configure' from command line to 'False'
[67.739s] Level 5:colcon.colcon_core.verb:set package 'motion_controller' build argument 'ament_cmake_args' from command line to 'None'
[67.739s] Level 5:colcon.colcon_core.verb:set package 'motion_controller' build argument 'catkin_cmake_args' from command line to 'None'
[67.739s] Level 5:colcon.colcon_core.verb:set package 'motion_controller' build argument 'catkin_skip_building_tests' from command line to 'False'
[67.739s] DEBUG:colcon.colcon_core.verb:Building package 'motion_controller' with the following arguments: {'ament_cmake_args': None, 'build_base': '/root/farming_ws/src/build/motion_controller', 'catkin_cmake_args': None, 'catkin_skip_building_tests': False, 'cmake_args': None, 'cmake_clean_cache': False, 'cmake_clean_first': False, 'cmake_force_configure': False, 'cmake_target': None, 'cmake_target_skip_unavailable': False, 'install_base': '/root/farming_ws/src/install/motion_controller', 'merge_install': False, 'path': '/root/farming_ws/src/motion_controller', 'symlink_install': False, 'test_result_base': None}
[68.670s] INFO:colcon.colcon_core.executor:Executing jobs using 'parallel' executor
[69.603s] DEBUG:colcon.colcon_parallel_executor.executor.parallel:run_until_complete
[69.605s] INFO:colcon.colcon_ros.task.ament_python.build:Building ROS package in '/root/farming_ws/src/motion_controller' with build type 'ament_python'
[69.606s] Level 1:colcon.colcon_core.shell:create_environment_hook('motion_controller', 'ament_prefix_path')
[70.577s] INFO:colcon.colcon_core.plugin_system:Skipping extension 'colcon_core.shell.bat': Not used on non-Windows systems
[70.579s] INFO:colcon.colcon_core.shell:Creating environment hook '/root/farming_ws/src/install/motion_controller/share/motion_controller/hook/ament_prefix_path.ps1'
[70.583s] INFO:colcon.colcon_core.shell:Creating environment descriptor '/root/farming_ws/src/install/motion_controller/share/motion_controller/hook/ament_prefix_path.dsv'
[70.586s] INFO:colcon.colcon_core.shell:Creating environment hook '/root/farming_ws/src/install/motion_controller/share/motion_controller/hook/ament_prefix_path.sh'
[71.545s] INFO:colcon.colcon_core.shell:Skip shell extension 'powershell' for command environment: Not usable outside of PowerShell
[71.545s] DEBUG:colcon.colcon_core.shell:Skip shell extension 'dsv' for command environment
[80.480s] INFO:colcon.colcon_core.task.python.build:Building Python package in '/root/farming_ws/src/motion_controller'
[81.441s] INFO:colcon.colcon_core.shell:Skip shell extension 'powershell' for command environment: Not usable outside of PowerShell
[81.442s] DEBUG:colcon.colcon_core.shell:Skip shell extension 'dsv' for command environment
[91.435s] DEBUG:colcon.colcon_core.event_handler.log_command:Invoking command in '/root/farming_ws/src/motion_controller': PYTHONPATH=/root/farming_ws/src/build/motion_controller/prefix_override:/root/farming_ws/src/install/motion_controller/lib/python3.8/site-packages:${PYTHONPATH} /usr/bin/python3 setup.py egg_info --egg-base ../build/motion_controller build --build-base /root/farming_ws/src/build/motion_controller/build install --record /root/farming_ws/src/build/motion_controller/install.log --install-scripts $base/lib/motion_controller --single-version-externally-managed
[93.994s] DEBUG:colcon.colcon_core.event_handler.log_command:Invoked command in '/root/farming_ws/src/motion_controller' returned '0': PYTHONPATH=/root/farming_ws/src/build/motion_controller/prefix_override:/root/farming_ws/src/install/motion_controller/lib/python3.8/site-packages:${PYTHONPATH} /usr/bin/python3 setup.py egg_info --egg-base ../build/motion_controller build --build-base /root/farming_ws/src/build/motion_controller/build install --record /root/farming_ws/src/build/motion_controller/install.log --install-scripts $base/lib/motion_controller --single-version-externally-managed
[94.971s] Level 1:colcon.colcon_core.environment:checking '/root/farming_ws/src/install/motion_controller' for CMake module files
[94.974s] Level 1:colcon.colcon_core.environment:checking '/root/farming_ws/src/install/motion_controller' for CMake config files
[94.978s] Level 1:colcon.colcon_core.environment:checking '/root/farming_ws/src/install/motion_controller/lib'
[94.979s] Level 1:colcon.colcon_core.environment:checking '/root/farming_ws/src/install/motion_controller/bin'
[94.980s] Level 1:colcon.colcon_core.environment:checking '/root/farming_ws/src/install/motion_controller/lib/pkgconfig/motion_controller.pc'
[94.981s] Level 1:colcon.colcon_core.environment:checking '/root/farming_ws/src/install/motion_controller/lib/python3.8/site-packages'
[94.982s] Level 1:colcon.colcon_core.shell:create_environment_hook('motion_controller', 'pythonpath')
[95.934s] INFO:colcon.colcon_core.shell:Creating environment hook '/root/farming_ws/src/install/motion_controller/share/motion_controller/hook/pythonpath.ps1'
[95.937s] INFO:colcon.colcon_core.shell:Creating environment descriptor '/root/farming_ws/src/install/motion_controller/share/motion_controller/hook/pythonpath.dsv'
[95.939s] INFO:colcon.colcon_core.shell:Creating environment hook '/root/farming_ws/src/install/motion_controller/share/motion_controller/hook/pythonpath.sh'
[95.943s] Level 1:colcon.colcon_core.environment:checking '/root/farming_ws/src/install/motion_controller/bin'
[95.943s] Level 1:colcon.colcon_core.environment:create_environment_scripts_only(motion_controller)
[96.903s] INFO:colcon.colcon_core.shell:Creating package script '/root/farming_ws/src/install/motion_controller/share/motion_controller/package.ps1'
[96.911s] INFO:colcon.colcon_core.shell:Creating package descriptor '/root/farming_ws/src/install/motion_controller/share/motion_controller/package.dsv'
[96.915s] INFO:colcon.colcon_core.shell:Creating package script '/root/farming_ws/src/install/motion_controller/share/motion_controller/package.sh'
[96.921s] INFO:colcon.colcon_core.shell:Creating package script '/root/farming_ws/src/install/motion_controller/share/motion_controller/package.bash'
[96.927s] INFO:colcon.colcon_core.shell:Creating package script '/root/farming_ws/src/install/motion_controller/share/motion_controller/package.zsh'
[96.932s] Level 1:colcon.colcon_core.environment:create_file_with_runtime_dependencies(/root/farming_ws/src/install/motion_controller/share/colcon-core/packages/motion_controller)
[96.934s] DEBUG:colcon.colcon_parallel_executor.executor.parallel:closing loop
[96.936s] DEBUG:colcon.colcon_parallel_executor.executor.parallel:loop closed
[96.936s] DEBUG:colcon.colcon_parallel_executor.executor.parallel:run_until_complete finished with '0'
[96.937s] DEBUG:colcon.colcon_core.event_reactor:joining thread
[97.911s] INFO:colcon.colcon_core.plugin_system:Skipping extension 'colcon_notification.desktop_notification.notify_send': Could not find 'notify-send'
[97.912s] INFO:colcon.colcon_core.plugin_system:Skipping extension 'colcon_notification.desktop_notification.terminal_notifier': Not used on non-Darwin systems
[97.912s] INFO:colcon.colcon_core.plugin_system:Skipping extension 'colcon_notification.desktop_notification.win32': Not used on non-Windows systems
[97.913s] INFO:colcon.colcon_notification.desktop_notification:Sending desktop notification using 'notify2'
[97.916s] DEBUG:colcon.colcon_notification.desktop_notification.notify2:Failed to initialize notify2: org.freedesktop.DBus.Error.ServiceUnknown: The name org.freedesktop.Notifications was not provided by any .service files
[97.916s] DEBUG:colcon.colcon_core.event_reactor:joined thread
[98.858s] INFO:colcon.colcon_core.shell:Creating prefix script '/root/farming_ws/src/install/local_setup.ps1'
[98.865s] INFO:colcon.colcon_core.shell:Creating prefix util module '/root/farming_ws/src/install/_local_setup_util_ps1.py'
[98.876s] INFO:colcon.colcon_core.shell:Creating prefix chain script '/root/farming_ws/src/install/setup.ps1'
[99.835s] INFO:colcon.colcon_core.shell:Creating prefix script '/root/farming_ws/src/install/local_setup.sh'
[99.839s] INFO:colcon.colcon_core.shell:Creating prefix util module '/root/farming_ws/src/install/_local_setup_util_sh.py'
[99.842s] INFO:colcon.colcon_core.shell:Creating prefix chain script '/root/farming_ws/src/install/setup.sh'
[100.802s] INFO:colcon.colcon_core.shell:Creating prefix script '/root/farming_ws/src/install/local_setup.bash'
[100.806s] INFO:colcon.colcon_core.shell:Creating prefix chain script '/root/farming_ws/src/install/setup.bash'
[101.760s] INFO:colcon.colcon_core.shell:Creating prefix script '/root/farming_ws/src/install/local_setup.zsh'
[101.763s] INFO:colcon.colcon_core.shell:Creating prefix chain script '/root/farming_ws/src/install/setup.zsh'
