[49.355s] DEBUG:colcon:Command line arguments: ['/usr/local/bin/colcon', 'build', '--packages-select', 'imu_complementary_filter']
[49.356s] DEBUG:colcon:Parsed command line arguments: Namespace(allow_overriding=[], ament_cmake_args=None, base_paths=['.'], build_base='build', catkin_cmake_args=None, catkin_skip_building_tests=False, cmake_args=None, cmake_clean_cache=False, cmake_clean_first=False, cmake_force_configure=False, cmake_target=None, cmake_target_skip_unavailable=False, continue_on_error=False, event_handlers=None, executor='parallel', ignore_user_meta=False, install_base='install', log_base=None, log_level=None, main=<bound method BuildVerb.main of <colcon_core.verb.build.BuildVerb object at 0x7f93c7f970>>, merge_install=False, metas=['./colcon.meta'], packages_above=None, packages_above_and_dependencies=None, packages_above_depth=None, packages_end=None, packages_ignore=None, packages_ignore_regex=None, packages_select=['imu_complementary_filter'], packages_select_build_failed=False, packages_select_by_dep=None, packages_select_regex=None, packages_select_test_failures=False, packages_skip=None, packages_skip_build_finished=False, packages_skip_by_dep=None, packages_skip_regex=None, packages_skip_test_passed=False, packages_skip_up_to=None, packages_start=None, packages_up_to=None, packages_up_to_regex=None, parallel_workers=4, paths=None, symlink_install=False, test_result_base=None, verb_extension=<colcon_core.verb.build.BuildVerb object at 0x7f93c7f970>, verb_name='build', verb_parser=<colcon_defaults.argument_parser.defaults.DefaultArgumentsDecorator object at 0x7f93a43580>)
[52.460s] Level 1:colcon.colcon_core.package_discovery:discover_packages(colcon_meta) check parameters
[52.461s] Level 1:colcon.colcon_core.package_discovery:discover_packages(recursive) check parameters
[52.461s] Level 1:colcon.colcon_core.package_discovery:discover_packages(ignore) check parameters
[52.461s] Level 1:colcon.colcon_core.package_discovery:discover_packages(path) check parameters
[52.462s] Level 1:colcon.colcon_core.package_discovery:discover_packages(colcon_meta) discover
[52.462s] Level 1:colcon.colcon_core.package_discovery:discover_packages(recursive) discover
[52.462s] INFO:colcon.colcon_core.package_discovery:Crawling recursively for packages in '/root/farming_ws/src'
[52.463s] Level 1:colcon.colcon_core.package_identification:_identify(.) by extensions ['ignore', 'ignore_ament_install']
[52.463s] Level 1:colcon.colcon_core.package_identification:_identify(.) by extension 'ignore'
[52.464s] Level 1:colcon.colcon_core.package_identification:_identify(.) by extension 'ignore_ament_install'
[52.464s] Level 1:colcon.colcon_core.package_identification:_identify(.) by extensions ['colcon_pkg']
[52.464s] Level 1:colcon.colcon_core.package_identification:_identify(.) by extension 'colcon_pkg'
[52.465s] Level 1:colcon.colcon_core.package_identification:_identify(.) by extensions ['colcon_meta']
[52.465s] Level 1:colcon.colcon_core.package_identification:_identify(.) by extension 'colcon_meta'
[52.465s] Level 1:colcon.colcon_core.package_identification:_identify(.) by extensions ['ros']
[52.466s] Level 1:colcon.colcon_core.package_identification:_identify(.) by extension 'ros'
[52.634s] Level 1:colcon.colcon_core.package_identification:_identify(.) by extensions ['cmake', 'python']
[52.634s] Level 1:colcon.colcon_core.package_identification:_identify(.) by extension 'cmake'
[52.635s] Level 1:colcon.colcon_core.package_identification:_identify(.) by extension 'python'
[52.635s] Level 1:colcon.colcon_core.package_identification:_identify(.) by extensions ['python_setup_py']
[52.635s] Level 1:colcon.colcon_core.package_identification:_identify(.) by extension 'python_setup_py'
[52.636s] Level 1:colcon.colcon_core.package_identification:_identify(build) by extensions ['ignore', 'ignore_ament_install']
[52.637s] Level 1:colcon.colcon_core.package_identification:_identify(build) by extension 'ignore'
[52.637s] Level 1:colcon.colcon_core.package_identification:_identify(build) ignored
[52.638s] Level 1:colcon.colcon_core.package_identification:_identify(farming_navigation2) by extensions ['ignore', 'ignore_ament_install']
[52.639s] Level 1:colcon.colcon_core.package_identification:_identify(farming_navigation2) by extension 'ignore'
[52.639s] Level 1:colcon.colcon_core.package_identification:_identify(farming_navigation2) by extension 'ignore_ament_install'
[52.640s] Level 1:colcon.colcon_core.package_identification:_identify(farming_navigation2) by extensions ['colcon_pkg']
[52.640s] Level 1:colcon.colcon_core.package_identification:_identify(farming_navigation2) by extension 'colcon_pkg'
[52.640s] Level 1:colcon.colcon_core.package_identification:_identify(farming_navigation2) by extensions ['colcon_meta']
[52.640s] Level 1:colcon.colcon_core.package_identification:_identify(farming_navigation2) by extension 'colcon_meta'
[52.641s] Level 1:colcon.colcon_core.package_identification:_identify(farming_navigation2) by extensions ['ros']
[52.641s] Level 1:colcon.colcon_core.package_identification:_identify(farming_navigation2) by extension 'ros'
[52.660s] DEBUG:colcon.colcon_core.package_identification:Package 'farming_navigation2' with type 'ros.ament_python' and name 'farming_navigation2'
[52.660s] Level 1:colcon.colcon_core.package_identification:_identify(farming_vision) by extensions ['ignore', 'ignore_ament_install']
[52.661s] Level 1:colcon.colcon_core.package_identification:_identify(farming_vision) by extension 'ignore'
[52.661s] Level 1:colcon.colcon_core.package_identification:_identify(farming_vision) by extension 'ignore_ament_install'
[52.662s] Level 1:colcon.colcon_core.package_identification:_identify(farming_vision) by extensions ['colcon_pkg']
[52.662s] Level 1:colcon.colcon_core.package_identification:_identify(farming_vision) by extension 'colcon_pkg'
[52.662s] Level 1:colcon.colcon_core.package_identification:_identify(farming_vision) by extensions ['colcon_meta']
[52.663s] Level 1:colcon.colcon_core.package_identification:_identify(farming_vision) by extension 'colcon_meta'
[52.663s] Level 1:colcon.colcon_core.package_identification:_identify(farming_vision) by extensions ['ros']
[52.663s] Level 1:colcon.colcon_core.package_identification:_identify(farming_vision) by extension 'ros'
[52.668s] DEBUG:colcon.colcon_core.package_identification:Package 'farming_vision' with type 'ros.ament_python' and name 'farming_vision'
[52.669s] Level 1:colcon.colcon_core.package_identification:_identify(imu_tools) by extensions ['ignore', 'ignore_ament_install']
[52.669s] Level 1:colcon.colcon_core.package_identification:_identify(imu_tools) by extension 'ignore'
[52.670s] Level 1:colcon.colcon_core.package_identification:_identify(imu_tools) by extension 'ignore_ament_install'
[52.670s] Level 1:colcon.colcon_core.package_identification:_identify(imu_tools) by extensions ['colcon_pkg']
[52.671s] Level 1:colcon.colcon_core.package_identification:_identify(imu_tools) by extension 'colcon_pkg'
[52.671s] Level 1:colcon.colcon_core.package_identification:_identify(imu_tools) by extensions ['colcon_meta']
[52.671s] Level 1:colcon.colcon_core.package_identification:_identify(imu_tools) by extension 'colcon_meta'
[52.671s] Level 1:colcon.colcon_core.package_identification:_identify(imu_tools) by extensions ['ros']
[52.672s] Level 1:colcon.colcon_core.package_identification:_identify(imu_tools) by extension 'ros'
[52.672s] Level 1:colcon.colcon_core.package_identification:_identify(imu_tools) by extensions ['cmake', 'python']
[52.673s] Level 1:colcon.colcon_core.package_identification:_identify(imu_tools) by extension 'cmake'
[52.673s] Level 1:colcon.colcon_core.package_identification:_identify(imu_tools) by extension 'python'
[52.673s] Level 1:colcon.colcon_core.package_identification:_identify(imu_tools) by extensions ['python_setup_py']
[52.673s] Level 1:colcon.colcon_core.package_identification:_identify(imu_tools) by extension 'python_setup_py'
[52.674s] Level 1:colcon.colcon_core.package_identification:_identify(imu_tools/imu_complementary_filter) by extensions ['ignore', 'ignore_ament_install']
[52.675s] Level 1:colcon.colcon_core.package_identification:_identify(imu_tools/imu_complementary_filter) by extension 'ignore'
[52.675s] Level 1:colcon.colcon_core.package_identification:_identify(imu_tools/imu_complementary_filter) by extension 'ignore_ament_install'
[52.676s] Level 1:colcon.colcon_core.package_identification:_identify(imu_tools/imu_complementary_filter) by extensions ['colcon_pkg']
[52.676s] Level 1:colcon.colcon_core.package_identification:_identify(imu_tools/imu_complementary_filter) by extension 'colcon_pkg'
[52.676s] Level 1:colcon.colcon_core.package_identification:_identify(imu_tools/imu_complementary_filter) by extensions ['colcon_meta']
[52.677s] Level 1:colcon.colcon_core.package_identification:_identify(imu_tools/imu_complementary_filter) by extension 'colcon_meta'
[52.677s] Level 1:colcon.colcon_core.package_identification:_identify(imu_tools/imu_complementary_filter) by extensions ['ros']
[52.677s] Level 1:colcon.colcon_core.package_identification:_identify(imu_tools/imu_complementary_filter) by extension 'ros'
[52.682s] DEBUG:colcon.colcon_core.package_identification:Package 'imu_tools/imu_complementary_filter' with type 'ros.ament_cmake' and name 'imu_complementary_filter'
[52.682s] Level 1:colcon.colcon_core.package_identification:_identify(imu_tools/imu_filter_madgwick) by extensions ['ignore', 'ignore_ament_install']
[52.683s] Level 1:colcon.colcon_core.package_identification:_identify(imu_tools/imu_filter_madgwick) by extension 'ignore'
[52.683s] Level 1:colcon.colcon_core.package_identification:_identify(imu_tools/imu_filter_madgwick) by extension 'ignore_ament_install'
[52.684s] Level 1:colcon.colcon_core.package_identification:_identify(imu_tools/imu_filter_madgwick) by extensions ['colcon_pkg']
[52.684s] Level 1:colcon.colcon_core.package_identification:_identify(imu_tools/imu_filter_madgwick) by extension 'colcon_pkg'
[52.684s] Level 1:colcon.colcon_core.package_identification:_identify(imu_tools/imu_filter_madgwick) by extensions ['colcon_meta']
[52.685s] Level 1:colcon.colcon_core.package_identification:_identify(imu_tools/imu_filter_madgwick) by extension 'colcon_meta'
[52.685s] Level 1:colcon.colcon_core.package_identification:_identify(imu_tools/imu_filter_madgwick) by extensions ['ros']
[52.685s] Level 1:colcon.colcon_core.package_identification:_identify(imu_tools/imu_filter_madgwick) by extension 'ros'
[52.697s] DEBUG:colcon.colcon_core.package_identification:Package 'imu_tools/imu_filter_madgwick' with type 'ros.ament_cmake' and name 'imu_filter_madgwick'
[52.697s] Level 1:colcon.colcon_core.package_identification:_identify(imu_tools/imu_tools) by extensions ['ignore', 'ignore_ament_install']
[52.698s] Level 1:colcon.colcon_core.package_identification:_identify(imu_tools/imu_tools) by extension 'ignore'
[52.699s] Level 1:colcon.colcon_core.package_identification:_identify(imu_tools/imu_tools) by extension 'ignore_ament_install'
[52.699s] Level 1:colcon.colcon_core.package_identification:_identify(imu_tools/imu_tools) by extensions ['colcon_pkg']
[52.699s] Level 1:colcon.colcon_core.package_identification:_identify(imu_tools/imu_tools) by extension 'colcon_pkg'
[52.700s] Level 1:colcon.colcon_core.package_identification:_identify(imu_tools/imu_tools) by extensions ['colcon_meta']
[52.700s] Level 1:colcon.colcon_core.package_identification:_identify(imu_tools/imu_tools) by extension 'colcon_meta'
[52.700s] Level 1:colcon.colcon_core.package_identification:_identify(imu_tools/imu_tools) by extensions ['ros']
[52.700s] Level 1:colcon.colcon_core.package_identification:_identify(imu_tools/imu_tools) by extension 'ros'
[52.704s] DEBUG:colcon.colcon_core.package_identification:Package 'imu_tools/imu_tools' with type 'ros.ament_cmake' and name 'imu_tools'
[52.705s] Level 1:colcon.colcon_core.package_identification:_identify(install) by extensions ['ignore', 'ignore_ament_install']
[52.705s] Level 1:colcon.colcon_core.package_identification:_identify(install) by extension 'ignore'
[52.706s] Level 1:colcon.colcon_core.package_identification:_identify(install) ignored
[52.707s] Level 1:colcon.colcon_core.package_identification:_identify(log) by extensions ['ignore', 'ignore_ament_install']
[52.707s] Level 1:colcon.colcon_core.package_identification:_identify(log) by extension 'ignore'
[52.707s] Level 1:colcon.colcon_core.package_identification:_identify(log) ignored
[52.708s] Level 1:colcon.colcon_core.package_identification:_identify(motion_controller) by extensions ['ignore', 'ignore_ament_install']
[52.709s] Level 1:colcon.colcon_core.package_identification:_identify(motion_controller) by extension 'ignore'
[52.709s] Level 1:colcon.colcon_core.package_identification:_identify(motion_controller) by extension 'ignore_ament_install'
[52.710s] Level 1:colcon.colcon_core.package_identification:_identify(motion_controller) by extensions ['colcon_pkg']
[52.710s] Level 1:colcon.colcon_core.package_identification:_identify(motion_controller) by extension 'colcon_pkg'
[52.710s] Level 1:colcon.colcon_core.package_identification:_identify(motion_controller) by extensions ['colcon_meta']
[52.710s] Level 1:colcon.colcon_core.package_identification:_identify(motion_controller) by extension 'colcon_meta'
[52.711s] Level 1:colcon.colcon_core.package_identification:_identify(motion_controller) by extensions ['ros']
[52.711s] Level 1:colcon.colcon_core.package_identification:_identify(motion_controller) by extension 'ros'
[52.715s] DEBUG:colcon.colcon_core.package_identification:Package 'motion_controller' with type 'ros.ament_python' and name 'motion_controller'
[52.716s] Level 1:colcon.colcon_core.package_identification:_identify(robot_localization) by extensions ['ignore', 'ignore_ament_install']
[52.716s] Level 1:colcon.colcon_core.package_identification:_identify(robot_localization) by extension 'ignore'
[52.717s] Level 1:colcon.colcon_core.package_identification:_identify(robot_localization) by extension 'ignore_ament_install'
[52.717s] Level 1:colcon.colcon_core.package_identification:_identify(robot_localization) by extensions ['colcon_pkg']
[52.718s] Level 1:colcon.colcon_core.package_identification:_identify(robot_localization) by extension 'colcon_pkg'
[52.718s] Level 1:colcon.colcon_core.package_identification:_identify(robot_localization) by extensions ['colcon_meta']
[52.718s] Level 1:colcon.colcon_core.package_identification:_identify(robot_localization) by extension 'colcon_meta'
[52.718s] Level 1:colcon.colcon_core.package_identification:_identify(robot_localization) by extensions ['ros']
[52.719s] Level 1:colcon.colcon_core.package_identification:_identify(robot_localization) by extension 'ros'
[52.736s] DEBUG:colcon.colcon_core.package_identification:Package 'robot_localization' with type 'ros.ament_cmake' and name 'robot_localization'
[52.737s] Level 1:colcon.colcon_core.package_identification:_identify(yahboomcar_base_node) by extensions ['ignore', 'ignore_ament_install']
[52.738s] Level 1:colcon.colcon_core.package_identification:_identify(yahboomcar_base_node) by extension 'ignore'
[52.738s] Level 1:colcon.colcon_core.package_identification:_identify(yahboomcar_base_node) by extension 'ignore_ament_install'
[52.738s] Level 1:colcon.colcon_core.package_identification:_identify(yahboomcar_base_node) by extensions ['colcon_pkg']
[52.739s] Level 1:colcon.colcon_core.package_identification:_identify(yahboomcar_base_node) by extension 'colcon_pkg'
[52.739s] Level 1:colcon.colcon_core.package_identification:_identify(yahboomcar_base_node) by extensions ['colcon_meta']
[52.739s] Level 1:colcon.colcon_core.package_identification:_identify(yahboomcar_base_node) by extension 'colcon_meta'
[52.740s] Level 1:colcon.colcon_core.package_identification:_identify(yahboomcar_base_node) by extensions ['ros']
[52.740s] Level 1:colcon.colcon_core.package_identification:_identify(yahboomcar_base_node) by extension 'ros'
[52.748s] DEBUG:colcon.colcon_core.package_identification:Package 'yahboomcar_base_node' with type 'ros.ament_cmake' and name 'yahboomcar_base_node'
[52.749s] Level 1:colcon.colcon_core.package_identification:_identify(yahboomcar_bringup) by extensions ['ignore', 'ignore_ament_install']
[52.749s] Level 1:colcon.colcon_core.package_identification:_identify(yahboomcar_bringup) by extension 'ignore'
[52.750s] Level 1:colcon.colcon_core.package_identification:_identify(yahboomcar_bringup) by extension 'ignore_ament_install'
[52.750s] Level 1:colcon.colcon_core.package_identification:_identify(yahboomcar_bringup) by extensions ['colcon_pkg']
[52.750s] Level 1:colcon.colcon_core.package_identification:_identify(yahboomcar_bringup) by extension 'colcon_pkg'
[52.751s] Level 1:colcon.colcon_core.package_identification:_identify(yahboomcar_bringup) by extensions ['colcon_meta']
[52.751s] Level 1:colcon.colcon_core.package_identification:_identify(yahboomcar_bringup) by extension 'colcon_meta'
[52.751s] Level 1:colcon.colcon_core.package_identification:_identify(yahboomcar_bringup) by extensions ['ros']
[52.752s] Level 1:colcon.colcon_core.package_identification:_identify(yahboomcar_bringup) by extension 'ros'
[52.756s] DEBUG:colcon.colcon_core.package_identification:Package 'yahboomcar_bringup' with type 'ros.ament_python' and name 'yahboomcar_bringup'
[52.757s] Level 1:colcon.colcon_core.package_identification:_identify(yahboomcar_ctrl) by extensions ['ignore', 'ignore_ament_install']
[52.758s] Level 1:colcon.colcon_core.package_identification:_identify(yahboomcar_ctrl) by extension 'ignore'
[52.758s] Level 1:colcon.colcon_core.package_identification:_identify(yahboomcar_ctrl) by extension 'ignore_ament_install'
[52.759s] Level 1:colcon.colcon_core.package_identification:_identify(yahboomcar_ctrl) by extensions ['colcon_pkg']
[52.759s] Level 1:colcon.colcon_core.package_identification:_identify(yahboomcar_ctrl) by extension 'colcon_pkg'
[52.759s] Level 1:colcon.colcon_core.package_identification:_identify(yahboomcar_ctrl) by extensions ['colcon_meta']
[52.759s] Level 1:colcon.colcon_core.package_identification:_identify(yahboomcar_ctrl) by extension 'colcon_meta'
[52.760s] Level 1:colcon.colcon_core.package_identification:_identify(yahboomcar_ctrl) by extensions ['ros']
[52.760s] Level 1:colcon.colcon_core.package_identification:_identify(yahboomcar_ctrl) by extension 'ros'
[52.763s] DEBUG:colcon.colcon_core.package_identification:Package 'yahboomcar_ctrl' with type 'ros.ament_python' and name 'yahboomcar_ctrl'
[52.764s] Level 1:colcon.colcon_core.package_identification:_identify(yahboomcar_description) by extensions ['ignore', 'ignore_ament_install']
[52.765s] Level 1:colcon.colcon_core.package_identification:_identify(yahboomcar_description) by extension 'ignore'
[52.765s] Level 1:colcon.colcon_core.package_identification:_identify(yahboomcar_description) by extension 'ignore_ament_install'
[52.766s] Level 1:colcon.colcon_core.package_identification:_identify(yahboomcar_description) by extensions ['colcon_pkg']
[52.766s] Level 1:colcon.colcon_core.package_identification:_identify(yahboomcar_description) by extension 'colcon_pkg'
[52.766s] Level 1:colcon.colcon_core.package_identification:_identify(yahboomcar_description) by extensions ['colcon_meta']
[52.766s] Level 1:colcon.colcon_core.package_identification:_identify(yahboomcar_description) by extension 'colcon_meta'
[52.767s] Level 1:colcon.colcon_core.package_identification:_identify(yahboomcar_description) by extensions ['ros']
[52.767s] Level 1:colcon.colcon_core.package_identification:_identify(yahboomcar_description) by extension 'ros'
[52.770s] DEBUG:colcon.colcon_core.package_identification:Package 'yahboomcar_description' with type 'ros.ament_python' and name 'yahboomcar_description'
[52.771s] Level 1:colcon.colcon_core.package_identification:_identify(ydlidar_ros2_driver) by extensions ['ignore', 'ignore_ament_install']
[52.772s] Level 1:colcon.colcon_core.package_identification:_identify(ydlidar_ros2_driver) by extension 'ignore'
[52.772s] Level 1:colcon.colcon_core.package_identification:_identify(ydlidar_ros2_driver) by extension 'ignore_ament_install'
[52.772s] Level 1:colcon.colcon_core.package_identification:_identify(ydlidar_ros2_driver) by extensions ['colcon_pkg']
[52.773s] Level 1:colcon.colcon_core.package_identification:_identify(ydlidar_ros2_driver) by extension 'colcon_pkg'
[52.773s] Level 1:colcon.colcon_core.package_identification:_identify(ydlidar_ros2_driver) by extensions ['colcon_meta']
[52.773s] Level 1:colcon.colcon_core.package_identification:_identify(ydlidar_ros2_driver) by extension 'colcon_meta'
[52.774s] Level 1:colcon.colcon_core.package_identification:_identify(ydlidar_ros2_driver) by extensions ['ros']
[52.774s] Level 1:colcon.colcon_core.package_identification:_identify(ydlidar_ros2_driver) by extension 'ros'
[52.775s] Level 1:colcon.colcon_core.package_identification:_identify(ydlidar_ros2_driver) by extensions ['cmake', 'python']
[52.775s] Level 1:colcon.colcon_core.package_identification:_identify(ydlidar_ros2_driver) by extension 'cmake'
[52.775s] Level 1:colcon.colcon_core.package_identification:_identify(ydlidar_ros2_driver) by extension 'python'
[52.775s] Level 1:colcon.colcon_core.package_identification:_identify(ydlidar_ros2_driver) by extensions ['python_setup_py']
[52.776s] Level 1:colcon.colcon_core.package_identification:_identify(ydlidar_ros2_driver) by extension 'python_setup_py'
[52.776s] Level 1:colcon.colcon_core.package_discovery:discover_packages(recursive) using defaults
[52.776s] Level 1:colcon.colcon_core.package_discovery:discover_packages(ignore) discover
[52.777s] Level 1:colcon.colcon_core.package_discovery:discover_packages(ignore) using defaults
[52.777s] Level 1:colcon.colcon_core.package_discovery:discover_packages(path) discover
[52.777s] Level 1:colcon.colcon_core.package_discovery:discover_packages(path) using defaults
[55.636s] INFO:colcon.colcon_core.package_selection:Skipping not selected package 'farming_navigation2' in 'farming_navigation2'
[55.636s] INFO:colcon.colcon_core.package_selection:Skipping not selected package 'farming_vision' in 'farming_vision'
[55.636s] INFO:colcon.colcon_core.package_selection:Skipping not selected package 'imu_filter_madgwick' in 'imu_tools/imu_filter_madgwick'
[55.636s] INFO:colcon.colcon_core.package_selection:Skipping not selected package 'motion_controller' in 'motion_controller'
[55.637s] INFO:colcon.colcon_core.package_selection:Skipping not selected package 'robot_localization' in 'robot_localization'
[55.637s] INFO:colcon.colcon_core.package_selection:Skipping not selected package 'yahboomcar_base_node' in 'yahboomcar_base_node'
[55.637s] INFO:colcon.colcon_core.package_selection:Skipping not selected package 'yahboomcar_bringup' in 'yahboomcar_bringup'
[55.637s] INFO:colcon.colcon_core.package_selection:Skipping not selected package 'yahboomcar_ctrl' in 'yahboomcar_ctrl'
[55.637s] INFO:colcon.colcon_core.package_selection:Skipping not selected package 'yahboomcar_description' in 'yahboomcar_description'
[55.638s] INFO:colcon.colcon_core.package_selection:Skipping not selected package 'imu_tools' in 'imu_tools/imu_tools'
[57.464s] Level 1:colcon.colcon_core.package_discovery:discover_packages(prefix_path) check parameters
[57.464s] Level 1:colcon.colcon_core.package_discovery:discover_packages(prefix_path) discover
[59.309s] DEBUG:colcon.colcon_installed_package_information.package_discovery:Found 12 installed packages in /root/farming_ws/install
[60.225s] DEBUG:colcon.colcon_installed_package_information.package_discovery:Found 22 installed packages in /root/catkin_ws/install
[61.216s] DEBUG:colcon.colcon_installed_package_information.package_discovery:Found 22 installed packages in /userdata/dev_ws/install
[62.183s] DEBUG:colcon.colcon_installed_package_information.package_discovery:Found 331 installed packages in /opt/tros
[63.116s] DEBUG:colcon.colcon_installed_package_information.package_discovery:Found 314 installed packages in /opt/ros/foxy
[63.189s] Level 1:colcon.colcon_core.package_discovery:discover_packages(prefix_path) using defaults
[64.880s] WARNING:colcon.colcon_core.package_selection:Some selected packages are already built in one or more underlay workspaces:
	'imu_complementary_filter' is in: /root/farming_ws/install/imu_complementary_filter, /opt/ros/foxy
If a package in a merged underlay workspace is overridden and it installs headers, then all packages in the overlay must sort their include directories by workspace order. Failure to do so may result in build failures or undefined behavior at run time.
If the overridden package is used by another package in any underlay, then the overriding package in the overlay must be API and ABI compatible or undefined behavior at run time may occur.

If you understand the risks and want to override a package anyways, add the following to the command line:
	--allow-overriding imu_complementary_filter

This may be promoted to an error in a future release of colcon-override-check.
[65.810s] Level 5:colcon.colcon_core.verb:set package 'imu_complementary_filter' build argument 'cmake_args' from command line to 'None'
[65.811s] Level 5:colcon.colcon_core.verb:set package 'imu_complementary_filter' build argument 'cmake_target' from command line to 'None'
[65.811s] Level 5:colcon.colcon_core.verb:set package 'imu_complementary_filter' build argument 'cmake_target_skip_unavailable' from command line to 'False'
[65.811s] Level 5:colcon.colcon_core.verb:set package 'imu_complementary_filter' build argument 'cmake_clean_cache' from command line to 'False'
[65.811s] Level 5:colcon.colcon_core.verb:set package 'imu_complementary_filter' build argument 'cmake_clean_first' from command line to 'False'
[65.811s] Level 5:colcon.colcon_core.verb:set package 'imu_complementary_filter' build argument 'cmake_force_configure' from command line to 'False'
[65.812s] Level 5:colcon.colcon_core.verb:set package 'imu_complementary_filter' build argument 'ament_cmake_args' from command line to 'None'
[65.812s] Level 5:colcon.colcon_core.verb:set package 'imu_complementary_filter' build argument 'catkin_cmake_args' from command line to 'None'
[65.812s] Level 5:colcon.colcon_core.verb:set package 'imu_complementary_filter' build argument 'catkin_skip_building_tests' from command line to 'False'
[65.812s] DEBUG:colcon.colcon_core.verb:Building package 'imu_complementary_filter' with the following arguments: {'ament_cmake_args': None, 'build_base': '/root/farming_ws/src/build/imu_complementary_filter', 'catkin_cmake_args': None, 'catkin_skip_building_tests': False, 'cmake_args': None, 'cmake_clean_cache': False, 'cmake_clean_first': False, 'cmake_force_configure': False, 'cmake_target': None, 'cmake_target_skip_unavailable': False, 'install_base': '/root/farming_ws/src/install/imu_complementary_filter', 'merge_install': False, 'path': '/root/farming_ws/src/imu_tools/imu_complementary_filter', 'symlink_install': False, 'test_result_base': None}
[66.727s] INFO:colcon.colcon_core.executor:Executing jobs using 'parallel' executor
[67.645s] DEBUG:colcon.colcon_parallel_executor.executor.parallel:run_until_complete
[67.648s] INFO:colcon.colcon_ros.task.ament_cmake.build:Building ROS package in '/root/farming_ws/src/imu_tools/imu_complementary_filter' with build type 'ament_cmake'
[67.650s] INFO:colcon.colcon_cmake.task.cmake.build:Building CMake package in '/root/farming_ws/src/imu_tools/imu_complementary_filter'
[68.603s] INFO:colcon.colcon_core.plugin_system:Skipping extension 'colcon_core.shell.bat': Not used on non-Windows systems
[68.605s] INFO:colcon.colcon_core.shell:Skip shell extension 'powershell' for command environment: Not usable outside of PowerShell
[68.606s] DEBUG:colcon.colcon_core.shell:Skip shell extension 'dsv' for command environment
[74.336s] DEBUG:colcon.colcon_core.event_handler.log_command:Invoking command in '/root/farming_ws/src/build/imu_complementary_filter': CMAKE_PREFIX_PATH=${CMAKE_PREFIX_PATH}:/root/farming_ws/install/yahboomcar_description:/root/farming_ws/install/yahboomcar_ctrl:/root/farming_ws/install/yahboomcar_bringup:/root/farming_ws/install/motion_controller:/root/farming_ws/install/farming_vision:/root/farming_ws/install/farming_navigation2:/root/catkin_ws/install/vlpr:/root/catkin_ws/install/qr_code_detection:/root/catkin_ws/install/qr_code_control:/root/catkin_ws/install/originbot_linefollower:/root/catkin_ws/install/originbot_demo:/userdata/dev_ws/install/vlpr:/userdata/dev_ws/install/qr_code_detection:/userdata/dev_ws/install/qr_code_control:/userdata/dev_ws/install/originbot_linefollower:/userdata/dev_ws/install/originbot_demo:/opt/ros/foxy /usr/bin/cmake /root/farming_ws/src/imu_tools/imu_complementary_filter -DCMAKE_INSTALL_PREFIX=/root/farming_ws/src/install/imu_complementary_filter
[89.140s] DEBUG:colcon.colcon_core.event_handler.log_command:Invoked command in '/root/farming_ws/src/build/imu_complementary_filter' returned '0': CMAKE_PREFIX_PATH=${CMAKE_PREFIX_PATH}:/root/farming_ws/install/yahboomcar_description:/root/farming_ws/install/yahboomcar_ctrl:/root/farming_ws/install/yahboomcar_bringup:/root/farming_ws/install/motion_controller:/root/farming_ws/install/farming_vision:/root/farming_ws/install/farming_navigation2:/root/catkin_ws/install/vlpr:/root/catkin_ws/install/qr_code_detection:/root/catkin_ws/install/qr_code_control:/root/catkin_ws/install/originbot_linefollower:/root/catkin_ws/install/originbot_demo:/userdata/dev_ws/install/vlpr:/userdata/dev_ws/install/qr_code_detection:/userdata/dev_ws/install/qr_code_control:/userdata/dev_ws/install/originbot_linefollower:/userdata/dev_ws/install/originbot_demo:/opt/ros/foxy /usr/bin/cmake /root/farming_ws/src/imu_tools/imu_complementary_filter -DCMAKE_INSTALL_PREFIX=/root/farming_ws/src/install/imu_complementary_filter
[89.155s] DEBUG:colcon.colcon_core.event_handler.log_command:Invoking command in '/root/farming_ws/src/build/imu_complementary_filter': CMAKE_PREFIX_PATH=${CMAKE_PREFIX_PATH}:/root/farming_ws/install/yahboomcar_description:/root/farming_ws/install/yahboomcar_ctrl:/root/farming_ws/install/yahboomcar_bringup:/root/farming_ws/install/motion_controller:/root/farming_ws/install/farming_vision:/root/farming_ws/install/farming_navigation2:/root/catkin_ws/install/vlpr:/root/catkin_ws/install/qr_code_detection:/root/catkin_ws/install/qr_code_control:/root/catkin_ws/install/originbot_linefollower:/root/catkin_ws/install/originbot_demo:/userdata/dev_ws/install/vlpr:/userdata/dev_ws/install/qr_code_detection:/userdata/dev_ws/install/qr_code_control:/userdata/dev_ws/install/originbot_linefollower:/userdata/dev_ws/install/originbot_demo:/opt/ros/foxy /usr/bin/cmake --build /root/farming_ws/src/build/imu_complementary_filter -- -j4 -l4
[175.729s] DEBUG:colcon.colcon_core.event_handler.log_command:Invoked command in '/root/farming_ws/src/build/imu_complementary_filter' returned '0': CMAKE_PREFIX_PATH=${CMAKE_PREFIX_PATH}:/root/farming_ws/install/yahboomcar_description:/root/farming_ws/install/yahboomcar_ctrl:/root/farming_ws/install/yahboomcar_bringup:/root/farming_ws/install/motion_controller:/root/farming_ws/install/farming_vision:/root/farming_ws/install/farming_navigation2:/root/catkin_ws/install/vlpr:/root/catkin_ws/install/qr_code_detection:/root/catkin_ws/install/qr_code_control:/root/catkin_ws/install/originbot_linefollower:/root/catkin_ws/install/originbot_demo:/userdata/dev_ws/install/vlpr:/userdata/dev_ws/install/qr_code_detection:/userdata/dev_ws/install/qr_code_control:/userdata/dev_ws/install/originbot_linefollower:/userdata/dev_ws/install/originbot_demo:/opt/ros/foxy /usr/bin/cmake --build /root/farming_ws/src/build/imu_complementary_filter -- -j4 -l4
[175.907s] DEBUG:colcon.colcon_core.event_handler.log_command:Invoking command in '/root/farming_ws/src/build/imu_complementary_filter': CMAKE_PREFIX_PATH=${CMAKE_PREFIX_PATH}:/root/farming_ws/install/yahboomcar_description:/root/farming_ws/install/yahboomcar_ctrl:/root/farming_ws/install/yahboomcar_bringup:/root/farming_ws/install/motion_controller:/root/farming_ws/install/farming_vision:/root/farming_ws/install/farming_navigation2:/root/catkin_ws/install/vlpr:/root/catkin_ws/install/qr_code_detection:/root/catkin_ws/install/qr_code_control:/root/catkin_ws/install/originbot_linefollower:/root/catkin_ws/install/originbot_demo:/userdata/dev_ws/install/vlpr:/userdata/dev_ws/install/qr_code_detection:/userdata/dev_ws/install/qr_code_control:/userdata/dev_ws/install/originbot_linefollower:/userdata/dev_ws/install/originbot_demo:/opt/ros/foxy /usr/bin/cmake --install /root/farming_ws/src/build/imu_complementary_filter
[176.063s] Level 1:colcon.colcon_core.environment:create_environment_scripts_only(imu_complementary_filter)
[176.065s] DEBUG:colcon.colcon_core.event_handler.log_command:Invoked command in '/root/farming_ws/src/build/imu_complementary_filter' returned '0': CMAKE_PREFIX_PATH=${CMAKE_PREFIX_PATH}:/root/farming_ws/install/yahboomcar_description:/root/farming_ws/install/yahboomcar_ctrl:/root/farming_ws/install/yahboomcar_bringup:/root/farming_ws/install/motion_controller:/root/farming_ws/install/farming_vision:/root/farming_ws/install/farming_navigation2:/root/catkin_ws/install/vlpr:/root/catkin_ws/install/qr_code_detection:/root/catkin_ws/install/qr_code_control:/root/catkin_ws/install/originbot_linefollower:/root/catkin_ws/install/originbot_demo:/userdata/dev_ws/install/vlpr:/userdata/dev_ws/install/qr_code_detection:/userdata/dev_ws/install/qr_code_control:/userdata/dev_ws/install/originbot_linefollower:/userdata/dev_ws/install/originbot_demo:/opt/ros/foxy /usr/bin/cmake --install /root/farming_ws/src/build/imu_complementary_filter
[177.021s] Level 1:colcon.colcon_core.environment:checking '/root/farming_ws/src/install/imu_complementary_filter' for CMake module files
[177.032s] Level 1:colcon.colcon_core.environment:checking '/root/farming_ws/src/install/imu_complementary_filter' for CMake config files
[177.033s] Level 1:colcon.colcon_core.shell:create_environment_hook('imu_complementary_filter', 'cmake_prefix_path')
[177.965s] INFO:colcon.colcon_core.shell:Creating environment hook '/root/farming_ws/src/install/imu_complementary_filter/share/imu_complementary_filter/hook/cmake_prefix_path.ps1'
[177.969s] INFO:colcon.colcon_core.shell:Creating environment descriptor '/root/farming_ws/src/install/imu_complementary_filter/share/imu_complementary_filter/hook/cmake_prefix_path.dsv'
[177.972s] INFO:colcon.colcon_core.shell:Creating environment hook '/root/farming_ws/src/install/imu_complementary_filter/share/imu_complementary_filter/hook/cmake_prefix_path.sh'
[177.978s] Level 1:colcon.colcon_core.environment:checking '/root/farming_ws/src/install/imu_complementary_filter/lib'
[177.979s] Level 1:colcon.colcon_core.environment:checking '/root/farming_ws/src/install/imu_complementary_filter/bin'
[177.979s] Level 1:colcon.colcon_core.environment:checking '/root/farming_ws/src/install/imu_complementary_filter/lib/pkgconfig/imu_complementary_filter.pc'
[177.981s] Level 1:colcon.colcon_core.environment:checking '/root/farming_ws/src/install/imu_complementary_filter/lib/python3.8/site-packages'
[177.983s] Level 1:colcon.colcon_core.environment:checking '/root/farming_ws/src/install/imu_complementary_filter/bin'
[178.921s] INFO:colcon.colcon_core.shell:Creating package script '/root/farming_ws/src/install/imu_complementary_filter/share/imu_complementary_filter/package.ps1'
[178.927s] INFO:colcon.colcon_core.shell:Creating package descriptor '/root/farming_ws/src/install/imu_complementary_filter/share/imu_complementary_filter/package.dsv'
[178.930s] INFO:colcon.colcon_core.shell:Creating package script '/root/farming_ws/src/install/imu_complementary_filter/share/imu_complementary_filter/package.sh'
[178.936s] INFO:colcon.colcon_core.shell:Creating package script '/root/farming_ws/src/install/imu_complementary_filter/share/imu_complementary_filter/package.bash'
[178.943s] INFO:colcon.colcon_core.shell:Creating package script '/root/farming_ws/src/install/imu_complementary_filter/share/imu_complementary_filter/package.zsh'
[178.947s] Level 1:colcon.colcon_core.environment:create_file_with_runtime_dependencies(/root/farming_ws/src/install/imu_complementary_filter/share/colcon-core/packages/imu_complementary_filter)
[180.004s] Level 1:colcon.colcon_core.environment:create_environment_scripts_only(imu_complementary_filter)
[181.019s] Level 1:colcon.colcon_core.environment:checking '/root/farming_ws/src/install/imu_complementary_filter' for CMake module files
[181.023s] Level 1:colcon.colcon_core.environment:checking '/root/farming_ws/src/install/imu_complementary_filter' for CMake config files
[181.025s] Level 1:colcon.colcon_core.shell:create_environment_hook('imu_complementary_filter', 'cmake_prefix_path')
[181.957s] INFO:colcon.colcon_core.shell:Creating environment hook '/root/farming_ws/src/install/imu_complementary_filter/share/imu_complementary_filter/hook/cmake_prefix_path.ps1'
[181.960s] INFO:colcon.colcon_core.shell:Creating environment descriptor '/root/farming_ws/src/install/imu_complementary_filter/share/imu_complementary_filter/hook/cmake_prefix_path.dsv'
[181.962s] INFO:colcon.colcon_core.shell:Creating environment hook '/root/farming_ws/src/install/imu_complementary_filter/share/imu_complementary_filter/hook/cmake_prefix_path.sh'
[181.966s] Level 1:colcon.colcon_core.environment:checking '/root/farming_ws/src/install/imu_complementary_filter/lib'
[181.966s] Level 1:colcon.colcon_core.environment:checking '/root/farming_ws/src/install/imu_complementary_filter/bin'
[181.967s] Level 1:colcon.colcon_core.environment:checking '/root/farming_ws/src/install/imu_complementary_filter/lib/pkgconfig/imu_complementary_filter.pc'
[181.968s] Level 1:colcon.colcon_core.environment:checking '/root/farming_ws/src/install/imu_complementary_filter/lib/python3.8/site-packages'
[181.970s] Level 1:colcon.colcon_core.environment:checking '/root/farming_ws/src/install/imu_complementary_filter/bin'
[182.909s] INFO:colcon.colcon_core.shell:Creating package script '/root/farming_ws/src/install/imu_complementary_filter/share/imu_complementary_filter/package.ps1'
[182.912s] INFO:colcon.colcon_core.shell:Creating package descriptor '/root/farming_ws/src/install/imu_complementary_filter/share/imu_complementary_filter/package.dsv'
[182.915s] INFO:colcon.colcon_core.shell:Creating package script '/root/farming_ws/src/install/imu_complementary_filter/share/imu_complementary_filter/package.sh'
[182.918s] INFO:colcon.colcon_core.shell:Creating package script '/root/farming_ws/src/install/imu_complementary_filter/share/imu_complementary_filter/package.bash'
[182.921s] INFO:colcon.colcon_core.shell:Creating package script '/root/farming_ws/src/install/imu_complementary_filter/share/imu_complementary_filter/package.zsh'
[182.924s] Level 1:colcon.colcon_core.environment:create_file_with_runtime_dependencies(/root/farming_ws/src/install/imu_complementary_filter/share/colcon-core/packages/imu_complementary_filter)
[182.926s] DEBUG:colcon.colcon_parallel_executor.executor.parallel:closing loop
[182.927s] DEBUG:colcon.colcon_parallel_executor.executor.parallel:loop closed
[182.928s] DEBUG:colcon.colcon_parallel_executor.executor.parallel:run_until_complete finished with '0'
[182.928s] DEBUG:colcon.colcon_core.event_reactor:joining thread
[183.888s] INFO:colcon.colcon_core.plugin_system:Skipping extension 'colcon_notification.desktop_notification.notify_send': Could not find 'notify-send'
[183.888s] INFO:colcon.colcon_core.plugin_system:Skipping extension 'colcon_notification.desktop_notification.terminal_notifier': Not used on non-Darwin systems
[183.889s] INFO:colcon.colcon_core.plugin_system:Skipping extension 'colcon_notification.desktop_notification.win32': Not used on non-Windows systems
[183.889s] INFO:colcon.colcon_notification.desktop_notification:Sending desktop notification using 'notify2'
[183.892s] DEBUG:colcon.colcon_notification.desktop_notification.notify2:Failed to initialize notify2: org.freedesktop.DBus.Error.ServiceUnknown: The name org.freedesktop.Notifications was not provided by any .service files
[183.893s] DEBUG:colcon.colcon_core.event_reactor:joined thread
[184.812s] INFO:colcon.colcon_core.shell:Creating prefix script '/root/farming_ws/src/install/local_setup.ps1'
[184.819s] INFO:colcon.colcon_core.shell:Creating prefix util module '/root/farming_ws/src/install/_local_setup_util_ps1.py'
[184.830s] INFO:colcon.colcon_core.shell:Creating prefix chain script '/root/farming_ws/src/install/setup.ps1'
[185.762s] INFO:colcon.colcon_core.shell:Creating prefix script '/root/farming_ws/src/install/local_setup.sh'
[185.766s] INFO:colcon.colcon_core.shell:Creating prefix util module '/root/farming_ws/src/install/_local_setup_util_sh.py'
[185.769s] INFO:colcon.colcon_core.shell:Creating prefix chain script '/root/farming_ws/src/install/setup.sh'
[186.702s] INFO:colcon.colcon_core.shell:Creating prefix script '/root/farming_ws/src/install/local_setup.bash'
[186.706s] INFO:colcon.colcon_core.shell:Creating prefix chain script '/root/farming_ws/src/install/setup.bash'
[187.646s] INFO:colcon.colcon_core.shell:Creating prefix script '/root/farming_ws/src/install/local_setup.zsh'
[187.650s] INFO:colcon.colcon_core.shell:Creating prefix chain script '/root/farming_ws/src/install/setup.zsh'
