[21.650s] Invoking command in '/root/farming_ws/src/motion_controller': PYTHONPATH=/root/farming_ws/src/build/motion_controller/prefix_override:/root/farming_ws/src/install/motion_controller/lib/python3.8/site-packages:${PYTHONPATH} /usr/bin/python3 setup.py egg_info --egg-base ../build/motion_controller build --build-base /root/farming_ws/src/build/motion_controller/build install --record /root/farming_ws/src/build/motion_controller/install.log --install-scripts $base/lib/motion_controller --single-version-externally-managed
[23.538s] running egg_info
[23.544s] writing ../build/motion_controller/motion_controller.egg-info/PKG-INFO
[23.545s] writing dependency_links to ../build/motion_controller/motion_controller.egg-info/dependency_links.txt
[23.546s] writing entry points to ../build/motion_controller/motion_controller.egg-info/entry_points.txt
[23.548s] writing requirements to ../build/motion_controller/motion_controller.egg-info/requires.txt
[23.549s] writing top-level names to ../build/motion_controller/motion_controller.egg-info/top_level.txt
[23.838s] reading manifest file '../build/motion_controller/motion_controller.egg-info/SOURCES.txt'
[23.844s] writing manifest file '../build/motion_controller/motion_controller.egg-info/SOURCES.txt'
[23.845s] running build
[23.846s] running build_py
[23.847s] copying motion_controller/motion_controller.py -> /root/farming_ws/src/build/motion_controller/build/lib/motion_controller
[23.848s] running install
[23.854s] running install_lib
[23.861s] copying /root/farming_ws/src/build/motion_controller/build/lib/motion_controller/motion_controller.py -> /root/farming_ws/src/install/motion_controller/lib/python3.8/site-packages/motion_controller
[23.866s] byte-compiling /root/farming_ws/src/install/motion_controller/lib/python3.8/site-packages/motion_controller/motion_controller.py to motion_controller.cpython-38.pyc
[23.886s] running install_data
[23.890s] running install_egg_info
[23.901s] removing '/root/farming_ws/src/install/motion_controller/lib/python3.8/site-packages/motion_controller-0.0.0-py3.8.egg-info' (and everything under it)
[23.903s] Copying ../build/motion_controller/motion_controller.egg-info to /root/farming_ws/src/install/motion_controller/lib/python3.8/site-packages/motion_controller-0.0.0-py3.8.egg-info
[23.908s] running install_scripts
[24.032s] Installing motion_controller_test script to /root/farming_ws/src/install/motion_controller/lib/motion_controller
[24.035s] writing list of installed files to '/root/farming_ws/src/build/motion_controller/install.log'
[24.199s] Invoked command in '/root/farming_ws/src/motion_controller' returned '0': PYTHONPATH=/root/farming_ws/src/build/motion_controller/prefix_override:/root/farming_ws/src/install/motion_controller/lib/python3.8/site-packages:${PYTHONPATH} /usr/bin/python3 setup.py egg_info --egg-base ../build/motion_controller build --build-base /root/farming_ws/src/build/motion_controller/build install --record /root/farming_ws/src/build/motion_controller/install.log --install-scripts $base/lib/motion_controller --single-version-externally-managed
